2023-06-25 18:00:00,312 INFO notifyConnectTimeout:100

2023-06-25 18:00:00,319 INFO notifySocketTimeout:200

2023-06-25 18:00:00,319 INFO isHealthCheck:true

2023-06-25 18:00:00,320 INFO maxHealthCheckFailCount:12

2023-06-25 18:00:00,320 INFO maxContent:10485760

2023-06-25 18:02:24,361 INFO notifyConnectTimeout:100

2023-06-25 18:02:24,368 INFO notifySocketTimeout:200

2023-06-25 18:02:24,369 INFO isHealthCheck:true

2023-06-25 18:02:24,369 INFO maxHealthCheckFailCount:12

2023-06-25 18:02:24,369 INFO maxContent:10485760

2023-06-25 18:02:47,435 WARN DumpService start

2023-06-25 18:02:47,436 INFO start clear all config-info.

2023-06-25 18:02:47,437 WARN clear all config-info failed.

2023-06-25 18:02:47,437 WARN clear all config-info-tenant failed.

2023-06-25 18:02:55,232 INFO notifyConnectTimeout:100

2023-06-25 18:02:55,242 INFO notifySocketTimeout:200

2023-06-25 18:02:55,242 INFO isHealthCheck:true

2023-06-25 18:02:55,242 INFO maxHealthCheckFailCount:12

2023-06-25 18:02:55,243 INFO maxContent:10485760

2023-06-25 18:03:17,888 WARN DumpService start

2023-06-25 18:03:17,892 INFO start clear all config-info.

2023-06-25 18:03:17,894 WARN clear all config-info failed.

2023-06-25 18:03:17,894 WARN clear all config-info-tenant failed.

2023-06-25 18:03:58,506 INFO notifyConnectTimeout:100

2023-06-25 18:03:58,512 INFO notifySocketTimeout:200

2023-06-25 18:03:58,512 INFO isHealthCheck:true

2023-06-25 18:03:58,513 INFO maxHealthCheckFailCount:12

2023-06-25 18:03:58,513 INFO maxContent:10485760

2023-06-25 18:04:13,646 WARN DumpService start

2023-06-25 18:04:13,650 INFO start clear all config-info.

2023-06-25 18:04:13,653 WARN clear all config-info failed.

2023-06-25 18:04:13,653 WARN clear all config-info-tenant failed.

2023-06-25 18:04:13,671 INFO start clear all config-info-beta.

2023-06-25 18:04:13,671 WARN clear all config-info-beta failed.

2023-06-25 18:04:13,671 WARN clear all config-info-beta-tenant failed.

2023-06-25 18:04:13,679 INFO start clear all config-info-tag.

2023-06-25 18:04:13,680 WARN clear all config-info-tag failed.

2023-06-25 18:04:13,680 WARN clear all config-info-tag-tenant failed.

2023-06-25 18:04:13,724 WARN initialDelay:148

2023-06-25 18:35:41,120 INFO notifyConnectTimeout:100

2023-06-25 18:35:41,132 INFO notifySocketTimeout:200

2023-06-25 18:35:41,133 INFO isHealthCheck:true

2023-06-25 18:35:41,134 INFO maxHealthCheckFailCount:12

2023-06-25 18:35:41,134 INFO maxContent:10485760

2023-06-25 18:36:03,604 WARN DumpService start

2023-06-25 18:36:03,608 INFO start clear all config-info.

2023-06-25 18:36:03,610 WARN clear all config-info failed.

2023-06-25 18:36:03,613 WARN clear all config-info-tenant failed.

2023-06-25 18:36:03,632 INFO start clear all config-info-beta.

2023-06-25 18:36:03,633 WARN clear all config-info-beta failed.

2023-06-25 18:36:03,633 WARN clear all config-info-beta-tenant failed.

2023-06-25 18:36:03,637 INFO start clear all config-info-tag.

2023-06-25 18:36:03,638 WARN clear all config-info-tag failed.

2023-06-25 18:36:03,638 WARN clear all config-info-tag-tenant failed.

2023-06-25 18:36:03,695 WARN initialDelay:198

