2023-06-25 18:02:35,510 INFO [ClientConnectionEventListenerRegistry] registry listener - ConnectionBasedClientManager

2023-06-25 18:03:05,743 INFO [ClientConnectionEventListenerRegistry] registry listener - ConnectionBasedClientManager

2023-06-25 18:04:10,336 INFO [ClientConnectionEventListenerRegistry] registry listener - ConnectionBasedClientManager

2023-06-25 18:04:14,534 INFO [ClientConnectionEventListenerRegistry] registry listener - ConfigConnectionEventListener

2023-06-25 18:04:14,774 INFO [ClientConnectionEventListenerRegistry] registry listener - RpcAckCallbackInitorOrCleaner

2023-06-25 18:04:14,832 INFO Nacos GrpcSdkServer Rpc server starting at port 9848 and tls config:{"sslProvider":"","enableTls":false,"mutualAuthEnable":false,"trustAll":false,"compatibility":true}

2023-06-25 18:04:14,838 WARN Recommended use 'nacos.remote.server.grpc.sdk.max-inbound-message-size' property instead 'nacos.remote.server.grpc.maxinbound.message.size', now property value is 10485760

2023-06-25 18:04:14,867 INFO Nacos GrpcSdkServer Rpc server started at port 9848 and tls config:{"sslProvider":"","enableTls":false,"mutualAuthEnable":false,"trustAll":false,"compatibility":true}

2023-06-25 18:04:14,904 INFO Nacos GrpcClusterServer Rpc server starting at port 9849 and tls config:{"sslProvider":"","enableTls":false,"mutualAuthEnable":false,"trustAll":false,"compatibility":true}

2023-06-25 18:04:14,905 WARN Recommended use 'nacos.remote.server.grpc.cluster.max-inbound-message-size' property instead 'nacos.remote.server.grpc.maxinbound.message.size', now property value is 10485760

2023-06-25 18:04:14,937 INFO Nacos GrpcClusterServer Rpc server started at port 9849 and tls config:{"sslProvider":"","enableTls":false,"mutualAuthEnable":false,"trustAll":false,"compatibility":true}

2023-06-25 18:34:46,637 INFO Nacos GrpcSdkServer Rpc server stopping

2023-06-25 18:34:46,639 INFO Nacos GrpcClusterServer Rpc server stopping

2023-06-25 18:34:46,673 INFO Nacos GrpcClusterServer Rpc server stopped successfully...

2023-06-25 18:34:46,673 INFO Nacos GrpcSdkServer Rpc server stopped successfully...

2023-06-25 18:35:58,401 INFO [ClientConnectionEventListenerRegistry] registry listener - ConnectionBasedClientManager

2023-06-25 18:36:04,971 INFO [ClientConnectionEventListenerRegistry] registry listener - ConfigConnectionEventListener

2023-06-25 18:36:05,227 INFO [ClientConnectionEventListenerRegistry] registry listener - RpcAckCallbackInitorOrCleaner

2023-06-25 18:36:05,310 INFO Nacos GrpcSdkServer Rpc server starting at port 9848 and tls config:{"sslProvider":"","enableTls":false,"mutualAuthEnable":false,"trustAll":false,"compatibility":true}

2023-06-25 18:36:05,320 WARN Recommended use 'nacos.remote.server.grpc.sdk.max-inbound-message-size' property instead 'nacos.remote.server.grpc.maxinbound.message.size', now property value is 10485760

2023-06-25 18:36:05,329 INFO Nacos GrpcSdkServer Rpc server started at port 9848 and tls config:{"sslProvider":"","enableTls":false,"mutualAuthEnable":false,"trustAll":false,"compatibility":true}

2023-06-25 18:36:05,338 INFO Nacos GrpcClusterServer Rpc server starting at port 9849 and tls config:{"sslProvider":"","enableTls":false,"mutualAuthEnable":false,"trustAll":false,"compatibility":true}

2023-06-25 18:36:05,340 WARN Recommended use 'nacos.remote.server.grpc.cluster.max-inbound-message-size' property instead 'nacos.remote.server.grpc.maxinbound.message.size', now property value is 10485760

2023-06-25 18:36:05,359 INFO Nacos GrpcClusterServer Rpc server started at port 9849 and tls config:{"sslProvider":"","enableTls":false,"mutualAuthEnable":false,"trustAll":false,"compatibility":true}

