2023-06-25 17:59:56,744 INFO notifyConnectTimeout:100

2023-06-25 17:59:56,748 INFO notifySocketTimeout:200

2023-06-25 17:59:56,748 INFO isHealthCheck:true

2023-06-25 17:59:56,748 INFO maxHealthCheckFailCount:12

2023-06-25 17:59:56,748 INFO maxContent:10485760

2023-06-25 18:00:10,786 WARN DumpService start

2023-06-25 18:00:10,788 INFO start clear all config-info.

2023-06-25 18:00:10,789 WARN clear all config-info failed.

2023-06-25 18:00:10,789 WARN clear all config-info-tenant failed.

2023-06-25 18:00:10,797 INFO start clear all config-info-beta.

2023-06-25 18:00:10,798 WARN clear all config-info-beta failed.

2023-06-25 18:00:10,798 WARN clear all config-info-beta-tenant failed.

2023-06-25 18:00:10,800 INFO start clear all config-info-tag.

2023-06-25 18:00:10,801 WARN clear all config-info-tag failed.

2023-06-25 18:00:10,801 WARN clear all config-info-tag-tenant failed.

2023-06-25 18:00:10,893 WARN initialDelay:47

2023-06-25 18:02:23,434 INFO notifyConnectTimeout:100

2023-06-25 18:02:23,439 INFO notifySocketTimeout:200

2023-06-25 18:02:23,439 INFO isHealthCheck:true

2023-06-25 18:02:23,440 INFO maxHealthCheckFailCount:12

2023-06-25 18:02:23,440 INFO maxContent:10485760

2023-06-25 18:02:46,900 WARN DumpService start

2023-06-25 18:02:46,902 INFO start clear all config-info.

2023-06-25 18:02:46,904 WARN clear all config-info failed.

2023-06-25 18:02:46,904 WARN clear all config-info-tenant failed.

2023-06-25 18:02:53,455 INFO notifyConnectTimeout:100

2023-06-25 18:02:53,463 INFO notifySocketTimeout:200

2023-06-25 18:02:53,463 INFO isHealthCheck:true

2023-06-25 18:02:53,463 INFO maxHealthCheckFailCount:12

2023-06-25 18:02:53,463 INFO maxContent:10485760

2023-06-25 18:03:16,090 WARN DumpService start

2023-06-25 18:03:16,091 INFO start clear all config-info.

2023-06-25 18:03:16,092 WARN clear all config-info failed.

2023-06-25 18:03:16,092 WARN clear all config-info-tenant failed.

2023-06-25 18:03:21,245 INFO notifyConnectTimeout:100

2023-06-25 18:03:21,250 INFO notifySocketTimeout:200

2023-06-25 18:03:21,250 INFO isHealthCheck:true

2023-06-25 18:03:21,250 INFO maxHealthCheckFailCount:12

2023-06-25 18:03:21,250 INFO maxContent:10485760

2023-06-25 18:03:59,594 INFO notifyConnectTimeout:100

2023-06-25 18:03:59,602 INFO notifySocketTimeout:200

2023-06-25 18:03:59,602 INFO isHealthCheck:true

2023-06-25 18:03:59,603 INFO maxHealthCheckFailCount:12

2023-06-25 18:03:59,603 INFO maxContent:10485760

2023-06-25 18:04:14,618 WARN DumpService start

2023-06-25 18:04:14,621 INFO start clear all config-info.

2023-06-25 18:04:14,623 WARN clear all config-info failed.

2023-06-25 18:04:14,623 WARN clear all config-info-tenant failed.

2023-06-25 18:04:14,639 INFO start clear all config-info-beta.

2023-06-25 18:04:14,639 WARN clear all config-info-beta failed.

2023-06-25 18:04:14,639 WARN clear all config-info-beta-tenant failed.

2023-06-25 18:04:14,645 INFO start clear all config-info-tag.

2023-06-25 18:04:14,647 WARN clear all config-info-tag failed.

2023-06-25 18:04:14,647 WARN clear all config-info-tag-tenant failed.

2023-06-25 18:04:14,698 WARN initialDelay:245

2023-06-25 18:35:43,437 INFO notifyConnectTimeout:100

2023-06-25 18:35:43,467 INFO notifySocketTimeout:200

2023-06-25 18:35:43,467 INFO isHealthCheck:true

2023-06-25 18:35:43,467 INFO maxHealthCheckFailCount:12

2023-06-25 18:35:43,467 INFO maxContent:10485760

2023-06-25 18:36:04,738 WARN DumpService start

2023-06-25 18:36:04,741 INFO start clear all config-info.

2023-06-25 18:36:04,742 WARN clear all config-info failed.

2023-06-25 18:36:04,743 WARN clear all config-info-tenant failed.

2023-06-25 18:36:04,768 INFO start clear all config-info-beta.

2023-06-25 18:36:04,795 WARN clear all config-info-beta failed.

2023-06-25 18:36:04,795 WARN clear all config-info-beta-tenant failed.

2023-06-25 18:36:04,800 INFO start clear all config-info-tag.

2023-06-25 18:36:04,801 WARN clear all config-info-tag failed.

2023-06-25 18:36:04,801 WARN clear all config-info-tag-tenant failed.

2023-06-25 18:36:04,918 WARN initialDelay:163

