2023-06-25 18:00:04,656 INFO Current addressing mode selection : FileConfigMemberLookup

2023-06-25 18:00:04,660 WARN [serverlist] updated to : [Member{ip='nacos3', port=8848, state=UP, extendInfo={raftPort=7848, readyToUpgrade=true, version=2.2.3}}, Member{ip='nacos2', port=8848, state=UP, extendInfo={raftPort=7848, readyToUpgrade=true}}, Member{ip='nacos1', port=8848, state=UP, extendInfo={raftPort=7848, readyToUpgrade=true}}]

2023-06-25 18:00:10,941 INFO start a new rpc client to member - > : Member{ip='nacos1', port=8848, state=UP, extendInfo={raftPort=7848, readyToUpgrade=true}}

2023-06-25 18:00:11,093 INFO start a new rpc client to member - > : Member{ip='nacos2', port=8848, state=UP, extendInfo={raftPort=7848, readyToUpgrade=true}}

2023-06-25 18:00:11,138 INFO [ClusterRpcClientProxy] success to refresh cluster rpc client on start up,members =[Member{ip='nacos1', port=8848, state=UP, extendInfo={raftPort=7848, readyToUpgrade=true}}, Member{ip='nacos2', port=8848, state=UP, extendInfo={raftPort=7848, readyToUpgrade=true}}] 

2023-06-25 18:02:32,727 INFO Current addressing mode selection : FileConfigMemberLookup

2023-06-25 18:02:32,735 WARN [serverlist] updated to : [Member{ip='nacos3', port=8848, state=UP, extendInfo={raftPort=7848, readyToUpgrade=true, version=2.2.3}}, Member{ip='nacos2', port=8848, state=UP, extendInfo={raftPort=7848, readyToUpgrade=true}}, Member{ip='nacos1', port=8848, state=UP, extendInfo={raftPort=7848, readyToUpgrade=true}}]

2023-06-25 18:03:01,909 INFO Current addressing mode selection : FileConfigMemberLookup

2023-06-25 18:03:01,916 WARN [serverlist] updated to : [Member{ip='nacos3', port=8848, state=UP, extendInfo={raftPort=7848, readyToUpgrade=true, version=2.2.3}}, Member{ip='nacos2', port=8848, state=UP, extendInfo={raftPort=7848, readyToUpgrade=true}}, Member{ip='nacos1', port=8848, state=UP, extendInfo={raftPort=7848, readyToUpgrade=true}}]

2023-06-25 18:04:09,261 INFO Current addressing mode selection : FileConfigMemberLookup

2023-06-25 18:04:09,264 WARN [serverlist] updated to : [Member{ip='nacos3', port=8848, state=UP, extendInfo={raftPort=7848, readyToUpgrade=true, version=2.2.3}}, Member{ip='nacos2', port=8848, state=UP, extendInfo={raftPort=7848, readyToUpgrade=true}}, Member{ip='nacos1', port=8848, state=UP, extendInfo={raftPort=7848, readyToUpgrade=true}}]

2023-06-25 18:04:14,832 INFO start a new rpc client to member - > : Member{ip='nacos1', port=8848, state=UP, extendInfo={raftPort=7848, readyToUpgrade=true}}

2023-06-25 18:04:15,336 INFO start a new rpc client to member - > : Member{ip='nacos2', port=8848, state=UP, extendInfo={raftPort=7848, readyToUpgrade=true}}

2023-06-25 18:04:15,796 INFO [ClusterRpcClientProxy] success to refresh cluster rpc client on start up,members =[Member{ip='nacos1', port=8848, state=UP, extendInfo={raftPort=7848, readyToUpgrade=true}}, Member{ip='nacos2', port=8848, state=UP, extendInfo={raftPort=7848, readyToUpgrade=true}}] 

2023-06-25 18:04:21,552 INFO This node is ready to provide external services

2023-06-25 18:35:57,012 INFO Current addressing mode selection : FileConfigMemberLookup

2023-06-25 18:35:57,016 WARN [serverlist] updated to : [Member{ip='nacos3', port=8848, state=UP, extendInfo={raftPort=7848, readyToUpgrade=true, version=2.2.3}}, Member{ip='nacos2', port=8848, state=UP, extendInfo={raftPort=7848, readyToUpgrade=true}}, Member{ip='nacos1', port=8848, state=UP, extendInfo={raftPort=7848, readyToUpgrade=true}}]

2023-06-25 18:36:05,049 INFO start a new rpc client to member - > : Member{ip='nacos1', port=8848, state=UP, extendInfo={raftPort=7848, readyToUpgrade=true}}

2023-06-25 18:36:05,706 INFO start a new rpc client to member - > : Member{ip='nacos2', port=8848, state=UP, extendInfo={raftPort=7848, readyToUpgrade=true}}

2023-06-25 18:36:05,864 INFO [ClusterRpcClientProxy] success to refresh cluster rpc client on start up,members =[Member{ip='nacos1', port=8848, state=UP, extendInfo={raftPort=7848, readyToUpgrade=true}}, Member{ip='nacos2', port=8848, state=UP, extendInfo={raftPort=7848, readyToUpgrade=true}}] 

2023-06-25 18:36:13,599 INFO This node is ready to provide external services

