2023-06-26 08:50:27,371 INFO Tps reporting...
HealthCheck|point|SECONDS|2023-06-26 08:50:26|1|0|


2023-06-26 08:50:29,471 INFO ConnectionMetrics, totalCount = 2, detail = {long_connection=2, long_polling=0}

2023-06-26 08:50:29,509 INFO Connection check task start

2023-06-26 08:50:29,509 INFO Long connection metrics detail ,Total count =2, sdkCount=0,clusterCount=2

2023-06-26 08:50:29,509 INFO Connection check task end

2023-06-26 08:50:32,474 INFO ConnectionMetrics, totalCount = 2, detail = {long_connection=2, long_polling=0}

2023-06-26 08:50:32,509 INFO Connection check task start

2023-06-26 08:50:32,509 INFO Long connection metrics detail ,Total count =2, sdkCount=0,clusterCount=2

2023-06-26 08:50:32,509 INFO Connection check task end

2023-06-26 08:50:35,475 INFO ConnectionMetrics, totalCount = 2, detail = {long_connection=2, long_polling=0}

2023-06-26 08:50:35,509 INFO Connection check task start

2023-06-26 08:50:35,510 INFO Long connection metrics detail ,Total count =2, sdkCount=0,clusterCount=2

2023-06-26 08:50:35,510 INFO Connection check task end

2023-06-26 08:50:38,474 INFO ConnectionMetrics, totalCount = 2, detail = {long_connection=2, long_polling=0}

2023-06-26 08:50:38,509 INFO Connection check task start

2023-06-26 08:50:38,509 INFO Long connection metrics detail ,Total count =2, sdkCount=0,clusterCount=2

2023-06-26 08:50:38,509 INFO Connection check task end

2023-06-26 08:50:41,475 INFO ConnectionMetrics, totalCount = 2, detail = {long_connection=2, long_polling=0}

2023-06-26 08:50:41,509 INFO Connection check task start

2023-06-26 08:50:41,510 INFO Long connection metrics detail ,Total count =2, sdkCount=0,clusterCount=2

2023-06-26 08:50:41,510 INFO Connection check task end

2023-06-26 08:50:44,475 INFO ConnectionMetrics, totalCount = 2, detail = {long_connection=2, long_polling=0}

2023-06-26 08:50:44,510 INFO Connection check task start

2023-06-26 08:50:44,510 INFO Long connection metrics detail ,Total count =2, sdkCount=0,clusterCount=2

2023-06-26 08:50:44,510 INFO Connection check task end

2023-06-26 08:50:47,497 INFO ConnectionMetrics, totalCount = 2, detail = {long_connection=2, long_polling=0}

2023-06-26 08:50:47,544 INFO Connection check task start

2023-06-26 08:50:47,544 INFO Long connection metrics detail ,Total count =2, sdkCount=0,clusterCount=2

2023-06-26 08:50:47,544 INFO Connection check task end

2023-06-26 08:50:50,497 INFO ConnectionMetrics, totalCount = 2, detail = {long_connection=2, long_polling=0}

2023-06-26 08:50:50,545 INFO Connection check task start

2023-06-26 08:50:50,545 INFO Long connection metrics detail ,Total count =2, sdkCount=0,clusterCount=2

2023-06-26 08:50:50,545 INFO Connection check task end

2023-06-26 08:50:53,497 INFO ConnectionMetrics, totalCount = 2, detail = {long_connection=2, long_polling=0}

2023-06-26 08:50:53,545 INFO Connection check task start

2023-06-26 08:50:53,545 INFO Long connection metrics detail ,Total count =2, sdkCount=0,clusterCount=2

2023-06-26 08:50:53,545 INFO Connection check task end

2023-06-26 08:50:56,641 INFO ConnectionMetrics, totalCount = 2, detail = {long_connection=2, long_polling=0}

2023-06-26 08:50:56,641 INFO Connection check task start

2023-06-26 08:50:56,648 INFO Long connection metrics detail ,Total count =2, sdkCount=0,clusterCount=2

2023-06-26 08:50:56,648 INFO Connection check task end

2023-06-26 08:50:59,648 INFO ConnectionMetrics, totalCount = 2, detail = {long_connection=2, long_polling=0}

2023-06-26 08:50:59,648 INFO Connection check task start

2023-06-26 08:50:59,648 INFO Long connection metrics detail ,Total count =2, sdkCount=0,clusterCount=2

2023-06-26 08:50:59,648 INFO Connection check task end

2023-06-26 08:51:02,648 INFO ConnectionMetrics, totalCount = 2, detail = {long_connection=2, long_polling=0}

2023-06-26 08:51:02,648 INFO Connection check task start

2023-06-26 08:51:02,648 INFO Long connection metrics detail ,Total count =2, sdkCount=0,clusterCount=2

2023-06-26 08:51:02,648 INFO Connection check task end

2023-06-26 08:51:05,649 INFO Connection check task start

2023-06-26 08:51:05,649 INFO ConnectionMetrics, totalCount = 2, detail = {long_connection=2, long_polling=0}

2023-06-26 08:51:05,649 INFO Long connection metrics detail ,Total count =2, sdkCount=0,clusterCount=2

2023-06-26 08:51:05,649 INFO Connection check task end

2023-06-26 08:51:08,650 INFO ConnectionMetrics, totalCount = 2, detail = {long_connection=2, long_polling=0}

2023-06-26 08:51:08,650 INFO Connection check task start

2023-06-26 08:51:08,650 INFO Long connection metrics detail ,Total count =2, sdkCount=0,clusterCount=2

2023-06-26 08:51:08,650 INFO Connection check task end

2023-06-26 08:51:11,650 INFO ConnectionMetrics, totalCount = 2, detail = {long_connection=2, long_polling=0}

2023-06-26 08:51:11,650 INFO Connection check task start

2023-06-26 08:51:11,651 INFO Long connection metrics detail ,Total count =2, sdkCount=0,clusterCount=2

2023-06-26 08:51:11,651 INFO Connection check task end

2023-06-26 08:51:14,650 INFO ConnectionMetrics, totalCount = 2, detail = {long_connection=2, long_polling=0}

2023-06-26 08:51:14,651 INFO Connection check task start

2023-06-26 08:51:14,651 INFO Long connection metrics detail ,Total count =2, sdkCount=0,clusterCount=2

2023-06-26 08:51:14,651 INFO Connection check task end

2023-06-26 08:51:17,651 INFO ConnectionMetrics, totalCount = 2, detail = {long_connection=2, long_polling=0}

2023-06-26 08:51:17,651 INFO Connection check task start

2023-06-26 08:51:17,651 INFO Long connection metrics detail ,Total count =2, sdkCount=0,clusterCount=2

2023-06-26 08:51:17,651 INFO Connection check task end

2023-06-26 08:51:20,651 INFO ConnectionMetrics, totalCount = 2, detail = {long_connection=2, long_polling=0}

2023-06-26 08:51:20,652 INFO Connection check task start

2023-06-26 08:51:20,652 INFO Long connection metrics detail ,Total count =2, sdkCount=0,clusterCount=2

2023-06-26 08:51:20,652 INFO Connection check task end

2023-06-26 08:51:23,651 INFO ConnectionMetrics, totalCount = 2, detail = {long_connection=2, long_polling=0}

2023-06-26 08:51:23,652 INFO Connection check task start

2023-06-26 08:51:23,652 INFO Long connection metrics detail ,Total count =2, sdkCount=0,clusterCount=2

2023-06-26 08:51:23,652 INFO Connection check task end

2023-06-26 08:51:26,651 INFO ConnectionMetrics, totalCount = 2, detail = {long_connection=2, long_polling=0}

2023-06-26 08:51:26,652 INFO Connection check task start

2023-06-26 08:51:26,652 INFO Long connection metrics detail ,Total count =2, sdkCount=0,clusterCount=2

2023-06-26 08:51:26,652 INFO Connection check task end

2023-06-26 08:51:29,652 INFO ConnectionMetrics, totalCount = 2, detail = {long_connection=2, long_polling=0}

2023-06-26 08:51:29,652 INFO Connection check task start

2023-06-26 08:51:29,652 INFO Long connection metrics detail ,Total count =2, sdkCount=0,clusterCount=2

2023-06-26 08:51:29,652 INFO Connection check task end

2023-06-26 08:51:32,652 INFO ConnectionMetrics, totalCount = 2, detail = {long_connection=2, long_polling=0}

2023-06-26 08:51:32,652 INFO Connection check task start

2023-06-26 08:51:32,652 INFO Long connection metrics detail ,Total count =2, sdkCount=0,clusterCount=2

2023-06-26 08:51:32,652 INFO Connection check task end

2023-06-26 08:51:35,652 INFO ConnectionMetrics, totalCount = 2, detail = {long_connection=2, long_polling=0}

2023-06-26 08:51:35,652 INFO Connection check task start

2023-06-26 08:51:35,652 INFO Long connection metrics detail ,Total count =2, sdkCount=0,clusterCount=2

2023-06-26 08:51:35,652 INFO Connection check task end

2023-06-26 08:51:38,652 INFO ConnectionMetrics, totalCount = 2, detail = {long_connection=2, long_polling=0}

2023-06-26 08:51:38,652 INFO Connection check task start

2023-06-26 08:51:38,653 INFO Long connection metrics detail ,Total count =2, sdkCount=0,clusterCount=2

2023-06-26 08:51:38,653 INFO Connection check task end

2023-06-26 08:51:41,653 INFO Connection check task start

2023-06-26 08:51:41,653 INFO ConnectionMetrics, totalCount = 2, detail = {long_connection=2, long_polling=0}

2023-06-26 08:51:41,653 INFO Long connection metrics detail ,Total count =2, sdkCount=0,clusterCount=2

2023-06-26 08:51:41,653 INFO Connection check task end

2023-06-26 08:51:44,654 INFO Connection check task start

2023-06-26 08:51:44,654 INFO ConnectionMetrics, totalCount = 2, detail = {long_connection=2, long_polling=0}

2023-06-26 08:51:44,654 INFO Long connection metrics detail ,Total count =2, sdkCount=0,clusterCount=2

2023-06-26 08:51:44,654 INFO Connection check task end

2023-06-26 08:51:47,654 INFO Connection check task start

2023-06-26 08:51:47,654 INFO Long connection metrics detail ,Total count =2, sdkCount=0,clusterCount=2

2023-06-26 08:51:47,654 INFO ConnectionMetrics, totalCount = 2, detail = {long_connection=2, long_polling=0}

2023-06-26 08:51:47,654 INFO Connection check task end

2023-06-26 08:51:50,654 INFO ConnectionMetrics, totalCount = 2, detail = {long_connection=2, long_polling=0}

2023-06-26 08:51:50,654 INFO Connection check task start

2023-06-26 08:51:50,654 INFO Long connection metrics detail ,Total count =2, sdkCount=0,clusterCount=2

2023-06-26 08:51:50,654 INFO Connection check task end

2023-06-26 08:51:53,654 INFO Connection check task start

2023-06-26 08:51:53,654 INFO ConnectionMetrics, totalCount = 2, detail = {long_connection=2, long_polling=0}

2023-06-26 08:51:53,655 INFO Long connection metrics detail ,Total count =2, sdkCount=0,clusterCount=2

2023-06-26 08:51:53,655 INFO Connection check task end

2023-06-26 08:51:56,655 INFO ConnectionMetrics, totalCount = 2, detail = {long_connection=2, long_polling=0}

2023-06-26 08:51:56,655 INFO Connection check task start

2023-06-26 08:51:56,655 INFO Long connection metrics detail ,Total count =2, sdkCount=0,clusterCount=2

2023-06-26 08:51:56,655 INFO Connection check task end

2023-06-26 08:51:59,655 INFO Connection check task start

2023-06-26 08:51:59,655 INFO ConnectionMetrics, totalCount = 2, detail = {long_connection=2, long_polling=0}

2023-06-26 08:51:59,655 INFO Long connection metrics detail ,Total count =2, sdkCount=0,clusterCount=2

2023-06-26 08:51:59,655 INFO Connection check task end

2023-06-26 08:52:02,656 INFO Connection check task start

2023-06-26 08:52:02,656 INFO ConnectionMetrics, totalCount = 2, detail = {long_connection=2, long_polling=0}

2023-06-26 08:52:02,656 INFO Long connection metrics detail ,Total count =2, sdkCount=0,clusterCount=2

2023-06-26 08:52:02,656 INFO Connection check task end

2023-06-26 08:52:05,656 INFO Connection check task start

2023-06-26 08:52:05,656 INFO ConnectionMetrics, totalCount = 2, detail = {long_connection=2, long_polling=0}

2023-06-26 08:52:05,656 INFO Long connection metrics detail ,Total count =2, sdkCount=0,clusterCount=2

2023-06-26 08:52:05,656 INFO Connection check task end

2023-06-26 08:52:08,656 INFO ConnectionMetrics, totalCount = 2, detail = {long_connection=2, long_polling=0}

2023-06-26 08:52:08,656 INFO Connection check task start

2023-06-26 08:52:08,656 INFO Long connection metrics detail ,Total count =2, sdkCount=0,clusterCount=2

2023-06-26 08:52:08,656 INFO Connection check task end

2023-06-26 08:52:11,656 INFO ConnectionMetrics, totalCount = 2, detail = {long_connection=2, long_polling=0}

2023-06-26 08:52:11,656 INFO Connection check task start

2023-06-26 08:52:11,656 INFO Long connection metrics detail ,Total count =2, sdkCount=0,clusterCount=2

2023-06-26 08:52:11,656 INFO Connection check task end

2023-06-26 08:52:14,656 INFO Connection check task start

2023-06-26 08:52:14,657 INFO Long connection metrics detail ,Total count =2, sdkCount=0,clusterCount=2

2023-06-26 08:52:14,657 INFO Connection check task end

2023-06-26 08:52:14,657 INFO ConnectionMetrics, totalCount = 2, detail = {long_connection=2, long_polling=0}

2023-06-26 08:52:17,657 INFO Connection check task start

2023-06-26 08:52:17,657 INFO Long connection metrics detail ,Total count =2, sdkCount=0,clusterCount=2

2023-06-26 08:52:17,657 INFO Connection check task end

2023-06-26 08:52:17,657 INFO ConnectionMetrics, totalCount = 2, detail = {long_connection=2, long_polling=0}

2023-06-26 08:52:20,657 INFO Connection check task start

2023-06-26 08:52:20,657 INFO Long connection metrics detail ,Total count =2, sdkCount=0,clusterCount=2

2023-06-26 08:52:20,657 INFO Connection check task end

2023-06-26 08:52:20,658 INFO ConnectionMetrics, totalCount = 2, detail = {long_connection=2, long_polling=0}

2023-06-26 08:52:23,658 INFO Connection check task start

2023-06-26 08:52:23,658 INFO ConnectionMetrics, totalCount = 2, detail = {long_connection=2, long_polling=0}

2023-06-26 08:52:23,658 INFO Long connection metrics detail ,Total count =2, sdkCount=0,clusterCount=2

2023-06-26 08:52:23,658 INFO Connection check task end

2023-06-26 08:52:26,658 INFO Connection check task start

2023-06-26 08:52:26,658 INFO ConnectionMetrics, totalCount = 2, detail = {long_connection=2, long_polling=0}

2023-06-26 08:52:26,658 INFO Long connection metrics detail ,Total count =2, sdkCount=0,clusterCount=2

2023-06-26 08:52:26,658 INFO Connection check task end

2023-06-26 08:52:29,658 INFO Connection check task start

2023-06-26 08:52:29,658 INFO ConnectionMetrics, totalCount = 2, detail = {long_connection=2, long_polling=0}

2023-06-26 08:52:29,658 INFO Long connection metrics detail ,Total count =2, sdkCount=0,clusterCount=2

2023-06-26 08:52:29,658 INFO Connection check task end

2023-06-26 08:52:32,659 INFO Connection check task start

2023-06-26 08:52:32,659 INFO ConnectionMetrics, totalCount = 2, detail = {long_connection=2, long_polling=0}

2023-06-26 08:52:32,659 INFO Long connection metrics detail ,Total count =2, sdkCount=0,clusterCount=2

2023-06-26 08:52:32,659 INFO Connection check task end

2023-06-26 08:52:35,659 INFO Connection check task start

2023-06-26 08:52:35,659 INFO ConnectionMetrics, totalCount = 2, detail = {long_connection=2, long_polling=0}

2023-06-26 08:52:35,659 INFO Long connection metrics detail ,Total count =2, sdkCount=0,clusterCount=2

2023-06-26 08:52:35,659 INFO Connection check task end

2023-06-26 08:52:38,660 INFO Connection check task start

2023-06-26 08:52:38,660 INFO ConnectionMetrics, totalCount = 2, detail = {long_connection=2, long_polling=0}

2023-06-26 08:52:38,660 INFO Long connection metrics detail ,Total count =2, sdkCount=0,clusterCount=2

2023-06-26 08:52:38,660 INFO Connection check task end

2023-06-26 08:52:41,661 INFO Connection check task start

2023-06-26 08:52:41,661 INFO Long connection metrics detail ,Total count =2, sdkCount=0,clusterCount=2

2023-06-26 08:52:41,661 INFO ConnectionMetrics, totalCount = 2, detail = {long_connection=2, long_polling=0}

2023-06-26 08:52:41,661 INFO Connection check task end

2023-06-26 08:52:44,661 INFO Connection check task start

2023-06-26 08:52:44,661 INFO Long connection metrics detail ,Total count =2, sdkCount=0,clusterCount=2

2023-06-26 08:52:44,661 INFO ConnectionMetrics, totalCount = 2, detail = {long_connection=2, long_polling=0}

2023-06-26 08:52:44,661 INFO Connection check task end

2023-06-26 08:52:47,661 INFO Connection check task start

2023-06-26 08:52:47,661 INFO ConnectionMetrics, totalCount = 2, detail = {long_connection=2, long_polling=0}

2023-06-26 08:52:47,661 INFO Long connection metrics detail ,Total count =2, sdkCount=0,clusterCount=2

2023-06-26 08:52:47,661 INFO Connection check task end

2023-06-26 08:52:50,661 INFO Connection check task start

2023-06-26 08:52:50,661 INFO ConnectionMetrics, totalCount = 2, detail = {long_connection=2, long_polling=0}

2023-06-26 08:52:50,661 INFO Long connection metrics detail ,Total count =2, sdkCount=0,clusterCount=2

2023-06-26 08:52:50,662 INFO Connection check task end

2023-06-26 08:52:53,662 INFO ConnectionMetrics, totalCount = 2, detail = {long_connection=2, long_polling=0}

2023-06-26 08:52:53,662 INFO Connection check task start

2023-06-26 08:52:53,662 INFO Long connection metrics detail ,Total count =2, sdkCount=0,clusterCount=2

2023-06-26 08:52:53,662 INFO Connection check task end

2023-06-26 08:52:56,662 INFO Connection check task start

2023-06-26 08:52:56,662 INFO ConnectionMetrics, totalCount = 2, detail = {long_connection=2, long_polling=0}

2023-06-26 08:52:56,662 INFO Long connection metrics detail ,Total count =2, sdkCount=0,clusterCount=2

2023-06-26 08:52:56,662 INFO Connection check task end

2023-06-26 08:52:59,662 INFO Connection check task start

2023-06-26 08:52:59,662 INFO ConnectionMetrics, totalCount = 2, detail = {long_connection=2, long_polling=0}

2023-06-26 08:52:59,662 INFO Long connection metrics detail ,Total count =2, sdkCount=0,clusterCount=2

2023-06-26 08:52:59,663 INFO Connection check task end

2023-06-26 08:53:02,663 INFO Connection check task start

2023-06-26 08:53:02,663 INFO ConnectionMetrics, totalCount = 2, detail = {long_connection=2, long_polling=0}

2023-06-26 08:53:02,663 INFO Long connection metrics detail ,Total count =2, sdkCount=0,clusterCount=2

2023-06-26 08:53:02,663 INFO Connection check task end

2023-06-26 08:53:05,663 INFO Connection check task start

2023-06-26 08:53:05,663 INFO ConnectionMetrics, totalCount = 2, detail = {long_connection=2, long_polling=0}

2023-06-26 08:53:05,663 INFO Long connection metrics detail ,Total count =2, sdkCount=0,clusterCount=2

2023-06-26 08:53:05,663 INFO Connection check task end

2023-06-26 08:53:08,663 INFO Connection check task start

2023-06-26 08:53:08,664 INFO ConnectionMetrics, totalCount = 2, detail = {long_connection=2, long_polling=0}

2023-06-26 08:53:08,664 INFO Long connection metrics detail ,Total count =2, sdkCount=0,clusterCount=2

2023-06-26 08:53:08,664 INFO Connection check task end

2023-06-26 08:53:11,664 INFO Connection check task start

2023-06-26 08:53:11,664 INFO ConnectionMetrics, totalCount = 2, detail = {long_connection=2, long_polling=0}

2023-06-26 08:53:11,664 INFO Long connection metrics detail ,Total count =2, sdkCount=0,clusterCount=2

2023-06-26 08:53:11,664 INFO Connection check task end

2023-06-26 08:53:14,664 INFO ConnectionMetrics, totalCount = 2, detail = {long_connection=2, long_polling=0}

2023-06-26 08:53:14,664 INFO Connection check task start

2023-06-26 08:53:14,664 INFO Long connection metrics detail ,Total count =2, sdkCount=0,clusterCount=2

2023-06-26 08:53:14,664 INFO Connection check task end

2023-06-26 08:53:17,664 INFO Connection check task start

2023-06-26 08:53:17,664 INFO ConnectionMetrics, totalCount = 2, detail = {long_connection=2, long_polling=0}

2023-06-26 08:53:17,665 INFO Long connection metrics detail ,Total count =2, sdkCount=0,clusterCount=2

2023-06-26 08:53:17,665 INFO Connection check task end

2023-06-26 08:53:20,665 INFO ConnectionMetrics, totalCount = 2, detail = {long_connection=2, long_polling=0}

2023-06-26 08:53:20,665 INFO Connection check task start

2023-06-26 08:53:20,665 INFO Long connection metrics detail ,Total count =2, sdkCount=0,clusterCount=2

2023-06-26 08:53:20,665 INFO Connection check task end

2023-06-26 08:53:23,665 INFO Connection check task start

2023-06-26 08:53:23,665 INFO Long connection metrics detail ,Total count =2, sdkCount=0,clusterCount=2

2023-06-26 08:53:23,665 INFO Connection check task end

2023-06-26 08:53:23,665 INFO ConnectionMetrics, totalCount = 2, detail = {long_connection=2, long_polling=0}

2023-06-26 08:53:26,665 INFO Connection check task start

2023-06-26 08:53:26,665 INFO Long connection metrics detail ,Total count =2, sdkCount=0,clusterCount=2

2023-06-26 08:53:26,665 INFO Connection check task end

2023-06-26 08:53:26,665 INFO ConnectionMetrics, totalCount = 2, detail = {long_connection=2, long_polling=0}

2023-06-26 08:53:29,665 INFO Connection check task start

2023-06-26 08:53:29,666 INFO Long connection metrics detail ,Total count =2, sdkCount=0,clusterCount=2

2023-06-26 08:53:29,666 INFO Connection check task end

2023-06-26 08:53:29,665 INFO ConnectionMetrics, totalCount = 2, detail = {long_connection=2, long_polling=0}

2023-06-26 08:53:32,666 INFO Connection check task start

2023-06-26 08:53:32,666 INFO Long connection metrics detail ,Total count =2, sdkCount=0,clusterCount=2

2023-06-26 08:53:32,666 INFO ConnectionMetrics, totalCount = 2, detail = {long_connection=2, long_polling=0}

2023-06-26 08:53:32,666 INFO Connection check task end

2023-06-26 08:53:35,666 INFO Connection check task start

2023-06-26 08:53:35,666 INFO ConnectionMetrics, totalCount = 2, detail = {long_connection=2, long_polling=0}

2023-06-26 08:53:35,666 INFO Long connection metrics detail ,Total count =2, sdkCount=0,clusterCount=2

2023-06-26 08:53:35,666 INFO Connection check task end

2023-06-26 08:53:38,667 INFO ConnectionMetrics, totalCount = 2, detail = {long_connection=2, long_polling=0}

2023-06-26 08:53:38,667 INFO Connection check task start

2023-06-26 08:53:38,667 INFO Long connection metrics detail ,Total count =2, sdkCount=0,clusterCount=2

2023-06-26 08:53:38,667 INFO Connection check task end

2023-06-26 08:53:41,667 INFO Connection check task start

2023-06-26 08:53:41,667 INFO Long connection metrics detail ,Total count =2, sdkCount=0,clusterCount=2

2023-06-26 08:53:41,667 INFO Connection check task end

2023-06-26 08:53:41,667 INFO ConnectionMetrics, totalCount = 2, detail = {long_connection=2, long_polling=0}

2023-06-26 08:53:44,667 INFO Connection check task start

2023-06-26 08:53:44,667 INFO ConnectionMetrics, totalCount = 2, detail = {long_connection=2, long_polling=0}

2023-06-26 08:53:44,667 INFO Long connection metrics detail ,Total count =2, sdkCount=0,clusterCount=2

2023-06-26 08:53:44,667 INFO Connection check task end

2023-06-26 08:53:47,667 INFO Connection check task start

2023-06-26 08:53:47,668 INFO ConnectionMetrics, totalCount = 2, detail = {long_connection=2, long_polling=0}

2023-06-26 08:53:47,668 INFO Long connection metrics detail ,Total count =2, sdkCount=0,clusterCount=2

2023-06-26 08:53:47,668 INFO Connection check task end

2023-06-26 08:53:50,668 INFO Connection check task start

2023-06-26 08:53:50,668 INFO ConnectionMetrics, totalCount = 2, detail = {long_connection=2, long_polling=0}

2023-06-26 08:53:50,668 INFO Long connection metrics detail ,Total count =2, sdkCount=0,clusterCount=2

2023-06-26 08:53:50,668 INFO Connection check task end

2023-06-26 08:53:53,668 INFO Connection check task start

2023-06-26 08:53:53,668 INFO ConnectionMetrics, totalCount = 2, detail = {long_connection=2, long_polling=0}

2023-06-26 08:53:53,668 INFO Long connection metrics detail ,Total count =2, sdkCount=0,clusterCount=2

2023-06-26 08:53:53,668 INFO Connection check task end

2023-06-26 08:53:56,668 INFO Connection check task start

2023-06-26 08:53:56,668 INFO ConnectionMetrics, totalCount = 2, detail = {long_connection=2, long_polling=0}

2023-06-26 08:53:56,668 INFO Long connection metrics detail ,Total count =2, sdkCount=0,clusterCount=2

2023-06-26 08:53:56,669 INFO Connection check task end

2023-06-26 08:53:59,669 INFO Connection check task start

2023-06-26 08:53:59,669 INFO ConnectionMetrics, totalCount = 2, detail = {long_connection=2, long_polling=0}

2023-06-26 08:53:59,669 INFO Long connection metrics detail ,Total count =2, sdkCount=0,clusterCount=2

2023-06-26 08:53:59,669 INFO Connection check task end

2023-06-26 08:54:02,669 INFO Connection check task start

2023-06-26 08:54:02,669 INFO Long connection metrics detail ,Total count =2, sdkCount=0,clusterCount=2

2023-06-26 08:54:02,669 INFO ConnectionMetrics, totalCount = 2, detail = {long_connection=2, long_polling=0}

2023-06-26 08:54:02,669 INFO Connection check task end

2023-06-26 08:54:05,669 INFO Connection check task start

2023-06-26 08:54:05,669 INFO ConnectionMetrics, totalCount = 2, detail = {long_connection=2, long_polling=0}

2023-06-26 08:54:05,669 INFO Long connection metrics detail ,Total count =2, sdkCount=0,clusterCount=2

2023-06-26 08:54:05,669 INFO Connection check task end

2023-06-26 08:54:08,669 INFO Connection check task start

2023-06-26 08:54:08,669 INFO Long connection metrics detail ,Total count =2, sdkCount=0,clusterCount=2

2023-06-26 08:54:08,669 INFO Connection check task end

2023-06-26 08:54:08,669 INFO ConnectionMetrics, totalCount = 2, detail = {long_connection=2, long_polling=0}

2023-06-26 08:54:11,171 WARN clearConfigHistory start

2023-06-26 08:54:11,669 INFO Connection check task start

2023-06-26 08:54:11,670 INFO ConnectionMetrics, totalCount = 2, detail = {long_connection=2, long_polling=0}

2023-06-26 08:54:11,670 INFO Long connection metrics detail ,Total count =2, sdkCount=0,clusterCount=2

2023-06-26 08:54:11,670 INFO Connection check task end

2023-06-26 08:54:12,203 INFO [capacityManagement] start correct usage

2023-06-26 08:54:12,203 INFO [MapperManager] findMapper dataSource: mysql, tableName: group_capacity

2023-06-26 08:54:12,204 INFO [MapperManager] findMapper dataSource: mysql, tableName: tenant_capacity

2023-06-26 08:54:12,205 INFO [capacityManagement] end correct usage, cost: 0.001510254s

2023-06-26 08:54:14,670 INFO Connection check task start

2023-06-26 08:54:14,670 INFO ConnectionMetrics, totalCount = 2, detail = {long_connection=2, long_polling=0}

2023-06-26 08:54:14,670 INFO Long connection metrics detail ,Total count =2, sdkCount=0,clusterCount=2

2023-06-26 08:54:14,670 INFO Connection check task end

2023-06-26 08:54:17,670 INFO ConnectionMetrics, totalCount = 2, detail = {long_connection=2, long_polling=0}

2023-06-26 08:54:17,670 INFO Connection check task start

2023-06-26 08:54:17,670 INFO Long connection metrics detail ,Total count =2, sdkCount=0,clusterCount=2

2023-06-26 08:54:17,670 INFO Connection check task end

2023-06-26 08:54:20,670 INFO Connection check task start

2023-06-26 08:54:20,670 INFO ConnectionMetrics, totalCount = 2, detail = {long_connection=2, long_polling=0}

2023-06-26 08:54:20,671 INFO Long connection metrics detail ,Total count =2, sdkCount=0,clusterCount=2

2023-06-26 08:54:20,671 INFO Connection check task end

2023-06-26 08:54:23,671 INFO ConnectionMetrics, totalCount = 2, detail = {long_connection=2, long_polling=0}

2023-06-26 08:54:23,671 INFO Connection check task start

2023-06-26 08:54:23,671 INFO Long connection metrics detail ,Total count =2, sdkCount=0,clusterCount=2

2023-06-26 08:54:23,671 INFO Connection check task end

2023-06-26 08:54:26,671 INFO Connection check task start

2023-06-26 08:54:26,671 INFO ConnectionMetrics, totalCount = 2, detail = {long_connection=2, long_polling=0}

2023-06-26 08:54:26,671 INFO Long connection metrics detail ,Total count =2, sdkCount=0,clusterCount=2

2023-06-26 08:54:26,671 INFO Connection check task end

2023-06-26 08:54:29,671 INFO Connection check task start

2023-06-26 08:54:29,672 INFO ConnectionMetrics, totalCount = 2, detail = {long_connection=2, long_polling=0}

2023-06-26 08:54:29,672 INFO Long connection metrics detail ,Total count =2, sdkCount=0,clusterCount=2

2023-06-26 08:54:29,672 INFO Connection check task end

2023-06-26 08:54:32,672 INFO ConnectionMetrics, totalCount = 2, detail = {long_connection=2, long_polling=0}

2023-06-26 08:54:32,672 INFO Connection check task start

2023-06-26 08:54:32,672 INFO Long connection metrics detail ,Total count =2, sdkCount=0,clusterCount=2

2023-06-26 08:54:32,672 INFO Connection check task end

2023-06-26 08:54:35,672 INFO Connection check task start

2023-06-26 08:54:35,672 INFO ConnectionMetrics, totalCount = 2, detail = {long_connection=2, long_polling=0}

2023-06-26 08:54:35,672 INFO Long connection metrics detail ,Total count =2, sdkCount=0,clusterCount=2

2023-06-26 08:54:35,672 INFO Connection check task end

2023-06-26 08:54:38,672 INFO Connection check task start

2023-06-26 08:54:38,672 INFO ConnectionMetrics, totalCount = 2, detail = {long_connection=2, long_polling=0}

2023-06-26 08:54:38,673 INFO Long connection metrics detail ,Total count =2, sdkCount=0,clusterCount=2

2023-06-26 08:54:38,673 INFO Connection check task end

2023-06-26 08:54:41,673 INFO Connection check task start

2023-06-26 08:54:41,673 INFO ConnectionMetrics, totalCount = 2, detail = {long_connection=2, long_polling=0}

2023-06-26 08:54:41,673 INFO Long connection metrics detail ,Total count =2, sdkCount=0,clusterCount=2

2023-06-26 08:54:41,673 INFO Connection check task end

2023-06-26 08:54:44,673 INFO Connection check task start

2023-06-26 08:54:44,673 INFO Long connection metrics detail ,Total count =2, sdkCount=0,clusterCount=2

2023-06-26 08:54:44,673 INFO ConnectionMetrics, totalCount = 2, detail = {long_connection=2, long_polling=0}

2023-06-26 08:54:44,674 INFO Connection check task end

2023-06-26 08:54:47,674 INFO Connection check task start

2023-06-26 08:54:47,674 INFO ConnectionMetrics, totalCount = 2, detail = {long_connection=2, long_polling=0}

2023-06-26 08:54:47,674 INFO Long connection metrics detail ,Total count =2, sdkCount=0,clusterCount=2

2023-06-26 08:54:47,674 INFO Connection check task end

2023-06-26 08:54:50,674 INFO Connection check task start

2023-06-26 08:54:50,674 INFO ConnectionMetrics, totalCount = 2, detail = {long_connection=2, long_polling=0}

2023-06-26 08:54:50,674 INFO Long connection metrics detail ,Total count =2, sdkCount=0,clusterCount=2

2023-06-26 08:54:50,674 INFO Connection check task end

2023-06-26 08:54:53,675 INFO Connection check task start

2023-06-26 08:54:53,675 INFO ConnectionMetrics, totalCount = 2, detail = {long_connection=2, long_polling=0}

2023-06-26 08:54:53,675 INFO Long connection metrics detail ,Total count =2, sdkCount=0,clusterCount=2

2023-06-26 08:54:53,675 INFO Connection check task end

2023-06-26 08:54:56,675 INFO Connection check task start

2023-06-26 08:54:56,675 INFO Long connection metrics detail ,Total count =2, sdkCount=0,clusterCount=2

2023-06-26 08:54:56,675 INFO Connection check task end

2023-06-26 08:54:56,675 INFO ConnectionMetrics, totalCount = 2, detail = {long_connection=2, long_polling=0}

2023-06-26 08:54:59,675 INFO Connection check task start

2023-06-26 08:54:59,675 INFO Long connection metrics detail ,Total count =2, sdkCount=0,clusterCount=2

2023-06-26 08:54:59,675 INFO Connection check task end

2023-06-26 08:54:59,675 INFO ConnectionMetrics, totalCount = 2, detail = {long_connection=2, long_polling=0}

2023-06-26 08:55:02,676 INFO Connection check task start

2023-06-26 08:55:02,676 INFO Long connection metrics detail ,Total count =2, sdkCount=0,clusterCount=2

2023-06-26 08:55:02,676 INFO Connection check task end

2023-06-26 08:55:02,676 INFO ConnectionMetrics, totalCount = 2, detail = {long_connection=2, long_polling=0}

2023-06-26 08:55:05,676 INFO Connection check task start

2023-06-26 08:55:05,676 INFO ConnectionMetrics, totalCount = 2, detail = {long_connection=2, long_polling=0}

2023-06-26 08:55:05,676 INFO Long connection metrics detail ,Total count =2, sdkCount=0,clusterCount=2

2023-06-26 08:55:05,676 INFO Connection check task end

2023-06-26 08:55:08,677 INFO Connection check task start

2023-06-26 08:55:08,677 INFO ConnectionMetrics, totalCount = 2, detail = {long_connection=2, long_polling=0}

2023-06-26 08:55:08,677 INFO Long connection metrics detail ,Total count =2, sdkCount=0,clusterCount=2

2023-06-26 08:55:08,677 INFO Connection check task end

2023-06-26 08:55:11,677 INFO Connection check task start

2023-06-26 08:55:11,677 INFO ConnectionMetrics, totalCount = 2, detail = {long_connection=2, long_polling=0}

2023-06-26 08:55:11,677 INFO Long connection metrics detail ,Total count =2, sdkCount=0,clusterCount=2

2023-06-26 08:55:11,677 INFO Connection check task end

