2023-06-25 18:00:07,150 INFO [ClientConnectionEventListenerRegistry] registry listener - ConnectionBasedClientManager

2023-06-25 18:00:11,428 INFO [ClientConnectionEventListenerRegistry] registry listener - ConfigConnectionEventListener

2023-06-25 18:00:11,584 INFO [ClientConnectionEventListenerRegistry] registry listener - RpcAckCallbackInitorOrCleaner

2023-06-25 18:00:11,613 INFO Nacos GrpcSdkServer Rpc server starting at port 9848 and tls config:{"sslProvider":"","enableTls":false,"mutualAuthEnable":false,"trustAll":false,"compatibility":true}

2023-06-25 18:00:11,618 WARN Recommended use 'nacos.remote.server.grpc.sdk.max-inbound-message-size' property instead 'nacos.remote.server.grpc.maxinbound.message.size', now property value is 10485760

2023-06-25 18:00:11,627 INFO Nacos GrpcSdkServer Rpc server started at port 9848 and tls config:{"sslProvider":"","enableTls":false,"mutualAuthEnable":false,"trustAll":false,"compatibility":true}

2023-06-25 18:00:11,633 INFO Nacos GrpcClusterServer Rpc server starting at port 9849 and tls config:{"sslProvider":"","enableTls":false,"mutualAuthEnable":false,"trustAll":false,"compatibility":true}

2023-06-25 18:00:11,634 WARN Recommended use 'nacos.remote.server.grpc.cluster.max-inbound-message-size' property instead 'nacos.remote.server.grpc.maxinbound.message.size', now property value is 10485760

2023-06-25 18:00:11,641 INFO Nacos GrpcClusterServer Rpc server started at port 9849 and tls config:{"sslProvider":"","enableTls":false,"mutualAuthEnable":false,"trustAll":false,"compatibility":true}

2023-06-25 18:00:12,419 INFO Nacos GrpcSdkServer Rpc server stopping

2023-06-25 18:00:12,419 INFO Nacos GrpcClusterServer Rpc server stopping

2023-06-25 18:00:12,451 INFO Nacos GrpcClusterServer Rpc server stopped successfully...

2023-06-25 18:00:12,451 INFO Nacos GrpcSdkServer Rpc server stopped successfully...

2023-06-25 18:02:34,714 INFO [ClientConnectionEventListenerRegistry] registry listener - ConnectionBasedClientManager

2023-06-25 18:03:04,505 INFO [ClientConnectionEventListenerRegistry] registry listener - ConnectionBasedClientManager

2023-06-25 18:04:11,263 INFO [ClientConnectionEventListenerRegistry] registry listener - ConnectionBasedClientManager

2023-06-25 18:04:16,527 INFO [ClientConnectionEventListenerRegistry] registry listener - ConfigConnectionEventListener

2023-06-25 18:04:16,698 INFO [ClientConnectionEventListenerRegistry] registry listener - RpcAckCallbackInitorOrCleaner

2023-06-25 18:04:16,758 INFO Nacos GrpcSdkServer Rpc server starting at port 9848 and tls config:{"sslProvider":"","enableTls":false,"mutualAuthEnable":false,"trustAll":false,"compatibility":true}

2023-06-25 18:04:16,767 WARN Recommended use 'nacos.remote.server.grpc.sdk.max-inbound-message-size' property instead 'nacos.remote.server.grpc.maxinbound.message.size', now property value is 10485760

2023-06-25 18:04:16,796 INFO Nacos GrpcSdkServer Rpc server started at port 9848 and tls config:{"sslProvider":"","enableTls":false,"mutualAuthEnable":false,"trustAll":false,"compatibility":true}

2023-06-25 18:04:16,825 INFO Nacos GrpcClusterServer Rpc server starting at port 9849 and tls config:{"sslProvider":"","enableTls":false,"mutualAuthEnable":false,"trustAll":false,"compatibility":true}

2023-06-25 18:04:16,850 WARN Recommended use 'nacos.remote.server.grpc.cluster.max-inbound-message-size' property instead 'nacos.remote.server.grpc.maxinbound.message.size', now property value is 10485760

2023-06-25 18:04:16,862 INFO Nacos GrpcClusterServer Rpc server started at port 9849 and tls config:{"sslProvider":"","enableTls":false,"mutualAuthEnable":false,"trustAll":false,"compatibility":true}

2023-06-25 18:34:46,635 INFO Nacos GrpcSdkServer Rpc server stopping

2023-06-25 18:34:46,642 INFO Nacos GrpcClusterServer Rpc server stopping

2023-06-25 18:34:46,673 INFO Nacos GrpcClusterServer Rpc server stopped successfully...

2023-06-25 18:34:46,673 INFO Nacos GrpcSdkServer Rpc server stopped successfully...

2023-06-25 18:35:59,964 INFO [ClientConnectionEventListenerRegistry] registry listener - ConnectionBasedClientManager

2023-06-25 18:36:06,595 INFO [ClientConnectionEventListenerRegistry] registry listener - ConfigConnectionEventListener

2023-06-25 18:36:06,885 INFO [ClientConnectionEventListenerRegistry] registry listener - RpcAckCallbackInitorOrCleaner

2023-06-25 18:36:06,948 INFO Nacos GrpcSdkServer Rpc server starting at port 9848 and tls config:{"sslProvider":"","enableTls":false,"mutualAuthEnable":false,"trustAll":false,"compatibility":true}

2023-06-25 18:36:06,955 WARN Recommended use 'nacos.remote.server.grpc.sdk.max-inbound-message-size' property instead 'nacos.remote.server.grpc.maxinbound.message.size', now property value is 10485760

2023-06-25 18:36:06,966 INFO Nacos GrpcSdkServer Rpc server started at port 9848 and tls config:{"sslProvider":"","enableTls":false,"mutualAuthEnable":false,"trustAll":false,"compatibility":true}

2023-06-25 18:36:06,985 INFO Nacos GrpcClusterServer Rpc server starting at port 9849 and tls config:{"sslProvider":"","enableTls":false,"mutualAuthEnable":false,"trustAll":false,"compatibility":true}

2023-06-25 18:36:06,990 WARN Recommended use 'nacos.remote.server.grpc.cluster.max-inbound-message-size' property instead 'nacos.remote.server.grpc.maxinbound.message.size', now property value is 10485760

2023-06-25 18:36:07,007 INFO Nacos GrpcClusterServer Rpc server started at port 9849 and tls config:{"sslProvider":"","enableTls":false,"mutualAuthEnable":false,"trustAll":false,"compatibility":true}

