2023-06-26 08:50:27,367 INFO Tps reporting...
HealthCheck|point|SECONDS|2023-06-26 08:50:26|2|0|


2023-06-26 08:50:29,476 INFO Connection check task start

2023-06-26 08:50:29,480 INFO Long connection metrics detail ,Total count =2, sdkCount=0,clusterCount=2

2023-06-26 08:50:29,480 INFO Connection check task end

2023-06-26 08:50:29,480 INFO ConnectionMetrics, totalCount = 2, detail = {long_connection=2, long_polling=0}

2023-06-26 08:50:32,480 INFO Connection check task start

2023-06-26 08:50:32,480 INFO ConnectionMetrics, totalCount = 2, detail = {long_connection=2, long_polling=0}

2023-06-26 08:50:32,480 INFO Long connection metrics detail ,Total count =2, sdkCount=0,clusterCount=2

2023-06-26 08:50:32,481 INFO Connection check task end

2023-06-26 08:50:35,481 INFO Connection check task start

2023-06-26 08:50:35,481 INFO Long connection metrics detail ,Total count =2, sdkCount=0,clusterCount=2

2023-06-26 08:50:35,481 INFO ConnectionMetrics, totalCount = 2, detail = {long_connection=2, long_polling=0}

2023-06-26 08:50:35,481 INFO Connection check task end

2023-06-26 08:50:38,481 INFO Connection check task start

2023-06-26 08:50:38,481 INFO Long connection metrics detail ,Total count =2, sdkCount=0,clusterCount=2

2023-06-26 08:50:38,481 INFO Connection check task end

2023-06-26 08:50:38,481 INFO ConnectionMetrics, totalCount = 2, detail = {long_connection=2, long_polling=0}

2023-06-26 08:50:41,481 INFO Connection check task start

2023-06-26 08:50:41,481 INFO Long connection metrics detail ,Total count =2, sdkCount=0,clusterCount=2

2023-06-26 08:50:41,481 INFO Connection check task end

2023-06-26 08:50:41,481 INFO ConnectionMetrics, totalCount = 2, detail = {long_connection=2, long_polling=0}

2023-06-26 08:50:44,481 INFO Connection check task start

2023-06-26 08:50:44,482 INFO Long connection metrics detail ,Total count =2, sdkCount=0,clusterCount=2

2023-06-26 08:50:44,482 INFO Connection check task end

2023-06-26 08:50:44,482 INFO ConnectionMetrics, totalCount = 2, detail = {long_connection=2, long_polling=0}

2023-06-26 08:50:47,496 INFO Connection check task start

2023-06-26 08:50:47,497 INFO ConnectionMetrics, totalCount = 2, detail = {long_connection=2, long_polling=0}

2023-06-26 08:50:47,497 INFO Long connection metrics detail ,Total count =2, sdkCount=0,clusterCount=2

2023-06-26 08:50:47,497 INFO Connection check task end

2023-06-26 08:50:50,497 INFO ConnectionMetrics, totalCount = 2, detail = {long_connection=2, long_polling=0}

2023-06-26 08:50:50,497 INFO Connection check task start

2023-06-26 08:50:50,497 INFO Long connection metrics detail ,Total count =2, sdkCount=0,clusterCount=2

2023-06-26 08:50:50,497 INFO Connection check task end

2023-06-26 08:50:53,497 INFO Connection check task start

2023-06-26 08:50:53,497 INFO ConnectionMetrics, totalCount = 2, detail = {long_connection=2, long_polling=0}

2023-06-26 08:50:53,498 INFO Long connection metrics detail ,Total count =2, sdkCount=0,clusterCount=2

2023-06-26 08:50:53,498 INFO Connection check task end

2023-06-26 08:50:56,641 INFO Connection check task start

2023-06-26 08:50:56,642 INFO Long connection metrics detail ,Total count =2, sdkCount=0,clusterCount=2

2023-06-26 08:50:56,642 INFO ConnectionMetrics, totalCount = 2, detail = {long_connection=2, long_polling=0}

2023-06-26 08:50:56,648 INFO Connection check task end

2023-06-26 08:50:59,648 INFO Connection check task start

2023-06-26 08:50:59,648 INFO ConnectionMetrics, totalCount = 2, detail = {long_connection=2, long_polling=0}

2023-06-26 08:50:59,648 INFO Long connection metrics detail ,Total count =2, sdkCount=0,clusterCount=2

2023-06-26 08:50:59,648 INFO Connection check task end

2023-06-26 08:51:02,648 INFO Connection check task start

2023-06-26 08:51:02,648 INFO Long connection metrics detail ,Total count =2, sdkCount=0,clusterCount=2

2023-06-26 08:51:02,648 INFO ConnectionMetrics, totalCount = 2, detail = {long_connection=2, long_polling=0}

2023-06-26 08:51:02,648 INFO Connection check task end

2023-06-26 08:51:05,649 INFO Connection check task start

2023-06-26 08:51:05,649 INFO Long connection metrics detail ,Total count =2, sdkCount=0,clusterCount=2

2023-06-26 08:51:05,649 INFO Connection check task end

2023-06-26 08:51:05,649 INFO ConnectionMetrics, totalCount = 2, detail = {long_connection=2, long_polling=0}

2023-06-26 08:51:08,649 INFO Connection check task start

2023-06-26 08:51:08,650 INFO Long connection metrics detail ,Total count =2, sdkCount=0,clusterCount=2

2023-06-26 08:51:08,650 INFO Connection check task end

2023-06-26 08:51:08,650 INFO ConnectionMetrics, totalCount = 2, detail = {long_connection=2, long_polling=0}

2023-06-26 08:51:11,650 INFO Connection check task start

2023-06-26 08:51:11,650 INFO ConnectionMetrics, totalCount = 2, detail = {long_connection=2, long_polling=0}

2023-06-26 08:51:11,650 INFO Long connection metrics detail ,Total count =2, sdkCount=0,clusterCount=2

2023-06-26 08:51:11,651 INFO Connection check task end

2023-06-26 08:51:14,651 INFO ConnectionMetrics, totalCount = 2, detail = {long_connection=2, long_polling=0}

2023-06-26 08:51:14,651 INFO Connection check task start

2023-06-26 08:51:14,651 INFO Long connection metrics detail ,Total count =2, sdkCount=0,clusterCount=2

2023-06-26 08:51:14,651 INFO Connection check task end

2023-06-26 08:51:17,651 INFO ConnectionMetrics, totalCount = 2, detail = {long_connection=2, long_polling=0}

2023-06-26 08:51:17,652 INFO Connection check task start

2023-06-26 08:51:17,652 INFO Long connection metrics detail ,Total count =2, sdkCount=0,clusterCount=2

2023-06-26 08:51:17,652 INFO Connection check task end

2023-06-26 08:51:20,652 INFO Connection check task start

2023-06-26 08:51:20,652 INFO Long connection metrics detail ,Total count =2, sdkCount=0,clusterCount=2

2023-06-26 08:51:20,652 INFO Connection check task end

2023-06-26 08:51:20,652 INFO ConnectionMetrics, totalCount = 2, detail = {long_connection=2, long_polling=0}

2023-06-26 08:51:23,652 INFO Connection check task start

2023-06-26 08:51:23,652 INFO ConnectionMetrics, totalCount = 2, detail = {long_connection=2, long_polling=0}

2023-06-26 08:51:23,652 INFO Long connection metrics detail ,Total count =2, sdkCount=0,clusterCount=2

2023-06-26 08:51:23,652 INFO Connection check task end

2023-06-26 08:51:26,652 INFO Connection check task start

2023-06-26 08:51:26,652 INFO ConnectionMetrics, totalCount = 2, detail = {long_connection=2, long_polling=0}

2023-06-26 08:51:26,653 INFO Long connection metrics detail ,Total count =2, sdkCount=0,clusterCount=2

2023-06-26 08:51:26,653 INFO Connection check task end

2023-06-26 08:51:29,653 INFO Connection check task start

2023-06-26 08:51:29,653 INFO Long connection metrics detail ,Total count =2, sdkCount=0,clusterCount=2

2023-06-26 08:51:29,653 INFO ConnectionMetrics, totalCount = 2, detail = {long_connection=2, long_polling=0}

2023-06-26 08:51:29,653 INFO Connection check task end

2023-06-26 08:51:32,653 INFO ConnectionMetrics, totalCount = 2, detail = {long_connection=2, long_polling=0}

2023-06-26 08:51:32,653 INFO Connection check task start

2023-06-26 08:51:32,653 INFO Long connection metrics detail ,Total count =2, sdkCount=0,clusterCount=2

2023-06-26 08:51:32,653 INFO Connection check task end

2023-06-26 08:51:35,653 INFO ConnectionMetrics, totalCount = 2, detail = {long_connection=2, long_polling=0}

2023-06-26 08:51:35,654 INFO Connection check task start

2023-06-26 08:51:35,654 INFO Long connection metrics detail ,Total count =2, sdkCount=0,clusterCount=2

2023-06-26 08:51:35,654 INFO Connection check task end

2023-06-26 08:51:38,654 INFO ConnectionMetrics, totalCount = 2, detail = {long_connection=2, long_polling=0}

2023-06-26 08:51:38,654 INFO Connection check task start

2023-06-26 08:51:38,654 INFO Long connection metrics detail ,Total count =2, sdkCount=0,clusterCount=2

2023-06-26 08:51:38,654 INFO Connection check task end

2023-06-26 08:51:41,654 INFO Connection check task start

2023-06-26 08:51:41,654 INFO ConnectionMetrics, totalCount = 2, detail = {long_connection=2, long_polling=0}

2023-06-26 08:51:41,654 INFO Long connection metrics detail ,Total count =2, sdkCount=0,clusterCount=2

2023-06-26 08:51:41,655 INFO Connection check task end

2023-06-26 08:51:44,655 INFO Connection check task start

2023-06-26 08:51:44,655 INFO ConnectionMetrics, totalCount = 2, detail = {long_connection=2, long_polling=0}

2023-06-26 08:51:44,655 INFO Long connection metrics detail ,Total count =2, sdkCount=0,clusterCount=2

2023-06-26 08:51:44,655 INFO Connection check task end

2023-06-26 08:51:47,655 INFO Connection check task start

2023-06-26 08:51:47,655 INFO ConnectionMetrics, totalCount = 2, detail = {long_connection=2, long_polling=0}

2023-06-26 08:51:47,655 INFO Long connection metrics detail ,Total count =2, sdkCount=0,clusterCount=2

2023-06-26 08:51:47,655 INFO Connection check task end

2023-06-26 08:51:50,655 INFO Connection check task start

2023-06-26 08:51:50,655 INFO ConnectionMetrics, totalCount = 2, detail = {long_connection=2, long_polling=0}

2023-06-26 08:51:50,655 INFO Long connection metrics detail ,Total count =2, sdkCount=0,clusterCount=2

2023-06-26 08:51:50,656 INFO Connection check task end

2023-06-26 08:51:53,656 INFO Connection check task start

2023-06-26 08:51:53,656 INFO ConnectionMetrics, totalCount = 2, detail = {long_connection=2, long_polling=0}

2023-06-26 08:51:53,656 INFO Long connection metrics detail ,Total count =2, sdkCount=0,clusterCount=2

2023-06-26 08:51:53,656 INFO Connection check task end

2023-06-26 08:51:56,656 INFO Connection check task start

2023-06-26 08:51:56,656 INFO Long connection metrics detail ,Total count =2, sdkCount=0,clusterCount=2

2023-06-26 08:51:56,656 INFO ConnectionMetrics, totalCount = 2, detail = {long_connection=2, long_polling=0}

2023-06-26 08:51:56,656 INFO Connection check task end

2023-06-26 08:51:59,656 INFO Connection check task start

2023-06-26 08:51:59,657 INFO Long connection metrics detail ,Total count =2, sdkCount=0,clusterCount=2

2023-06-26 08:51:59,657 INFO ConnectionMetrics, totalCount = 2, detail = {long_connection=2, long_polling=0}

2023-06-26 08:51:59,657 INFO Connection check task end

2023-06-26 08:52:02,658 INFO Connection check task start

2023-06-26 08:52:02,658 INFO ConnectionMetrics, totalCount = 2, detail = {long_connection=2, long_polling=0}

2023-06-26 08:52:02,658 INFO Long connection metrics detail ,Total count =2, sdkCount=0,clusterCount=2

2023-06-26 08:52:02,658 INFO Connection check task end

2023-06-26 08:52:05,658 INFO ConnectionMetrics, totalCount = 2, detail = {long_connection=2, long_polling=0}

2023-06-26 08:52:05,658 INFO Connection check task start

2023-06-26 08:52:05,658 INFO Long connection metrics detail ,Total count =2, sdkCount=0,clusterCount=2

2023-06-26 08:52:05,658 INFO Connection check task end

2023-06-26 08:52:08,658 INFO ConnectionMetrics, totalCount = 2, detail = {long_connection=2, long_polling=0}

2023-06-26 08:52:08,658 INFO Connection check task start

2023-06-26 08:52:08,658 INFO Long connection metrics detail ,Total count =2, sdkCount=0,clusterCount=2

2023-06-26 08:52:08,658 INFO Connection check task end

2023-06-26 08:52:11,658 INFO Connection check task start

2023-06-26 08:52:11,658 INFO ConnectionMetrics, totalCount = 2, detail = {long_connection=2, long_polling=0}

2023-06-26 08:52:11,659 INFO Long connection metrics detail ,Total count =2, sdkCount=0,clusterCount=2

2023-06-26 08:52:11,659 INFO Connection check task end

2023-06-26 08:52:14,659 INFO ConnectionMetrics, totalCount = 2, detail = {long_connection=2, long_polling=0}

2023-06-26 08:52:14,659 INFO Connection check task start

2023-06-26 08:52:14,659 INFO Long connection metrics detail ,Total count =2, sdkCount=0,clusterCount=2

2023-06-26 08:52:14,659 INFO Connection check task end

2023-06-26 08:52:17,660 INFO Connection check task start

2023-06-26 08:52:17,660 INFO Long connection metrics detail ,Total count =2, sdkCount=0,clusterCount=2

2023-06-26 08:52:17,660 INFO Connection check task end

2023-06-26 08:52:17,660 INFO ConnectionMetrics, totalCount = 2, detail = {long_connection=2, long_polling=0}

2023-06-26 08:52:20,660 INFO Connection check task start

2023-06-26 08:52:20,660 INFO Long connection metrics detail ,Total count =2, sdkCount=0,clusterCount=2

2023-06-26 08:52:20,660 INFO Connection check task end

2023-06-26 08:52:20,660 INFO ConnectionMetrics, totalCount = 2, detail = {long_connection=2, long_polling=0}

2023-06-26 08:52:23,660 INFO Connection check task start

2023-06-26 08:52:23,660 INFO ConnectionMetrics, totalCount = 2, detail = {long_connection=2, long_polling=0}

2023-06-26 08:52:23,660 INFO Long connection metrics detail ,Total count =2, sdkCount=0,clusterCount=2

2023-06-26 08:52:23,660 INFO Connection check task end

2023-06-26 08:52:26,660 INFO Connection check task start

2023-06-26 08:52:26,661 INFO Long connection metrics detail ,Total count =2, sdkCount=0,clusterCount=2

2023-06-26 08:52:26,660 INFO ConnectionMetrics, totalCount = 2, detail = {long_connection=2, long_polling=0}

2023-06-26 08:52:26,661 INFO Connection check task end

2023-06-26 08:52:29,661 INFO Connection check task start

2023-06-26 08:52:29,661 INFO Long connection metrics detail ,Total count =2, sdkCount=0,clusterCount=2

2023-06-26 08:52:29,661 INFO ConnectionMetrics, totalCount = 2, detail = {long_connection=2, long_polling=0}

2023-06-26 08:52:29,661 INFO Connection check task end

2023-06-26 08:52:32,661 INFO Connection check task start

2023-06-26 08:52:32,661 INFO ConnectionMetrics, totalCount = 2, detail = {long_connection=2, long_polling=0}

2023-06-26 08:52:32,662 INFO Long connection metrics detail ,Total count =2, sdkCount=0,clusterCount=2

2023-06-26 08:52:32,662 INFO Connection check task end

2023-06-26 08:52:35,662 INFO ConnectionMetrics, totalCount = 2, detail = {long_connection=2, long_polling=0}

2023-06-26 08:52:35,662 INFO Connection check task start

2023-06-26 08:52:35,662 INFO Long connection metrics detail ,Total count =2, sdkCount=0,clusterCount=2

2023-06-26 08:52:35,662 INFO Connection check task end

2023-06-26 08:52:38,663 INFO ConnectionMetrics, totalCount = 2, detail = {long_connection=2, long_polling=0}

2023-06-26 08:52:38,663 INFO Connection check task start

2023-06-26 08:52:38,663 INFO Long connection metrics detail ,Total count =2, sdkCount=0,clusterCount=2

2023-06-26 08:52:38,663 INFO Connection check task end

2023-06-26 08:52:41,663 INFO ConnectionMetrics, totalCount = 2, detail = {long_connection=2, long_polling=0}

2023-06-26 08:52:41,663 INFO Connection check task start

2023-06-26 08:52:41,664 INFO Long connection metrics detail ,Total count =2, sdkCount=0,clusterCount=2

2023-06-26 08:52:41,664 INFO Connection check task end

2023-06-26 08:52:44,664 INFO Connection check task start

2023-06-26 08:52:44,664 INFO ConnectionMetrics, totalCount = 2, detail = {long_connection=2, long_polling=0}

2023-06-26 08:52:44,665 INFO Long connection metrics detail ,Total count =2, sdkCount=0,clusterCount=2

2023-06-26 08:52:44,665 INFO Connection check task end

2023-06-26 08:52:47,665 INFO ConnectionMetrics, totalCount = 2, detail = {long_connection=2, long_polling=0}

2023-06-26 08:52:47,665 INFO Connection check task start

2023-06-26 08:52:47,665 INFO Long connection metrics detail ,Total count =2, sdkCount=0,clusterCount=2

2023-06-26 08:52:47,665 INFO Connection check task end

2023-06-26 08:52:50,665 INFO Connection check task start

2023-06-26 08:52:50,665 INFO ConnectionMetrics, totalCount = 2, detail = {long_connection=2, long_polling=0}

2023-06-26 08:52:50,666 INFO Long connection metrics detail ,Total count =2, sdkCount=0,clusterCount=2

2023-06-26 08:52:50,666 INFO Connection check task end

2023-06-26 08:52:53,666 INFO Connection check task start

2023-06-26 08:52:53,666 INFO ConnectionMetrics, totalCount = 2, detail = {long_connection=2, long_polling=0}

2023-06-26 08:52:53,667 INFO Long connection metrics detail ,Total count =2, sdkCount=0,clusterCount=2

2023-06-26 08:52:53,667 INFO Connection check task end

2023-06-26 08:52:56,667 INFO Connection check task start

2023-06-26 08:52:56,667 INFO Long connection metrics detail ,Total count =2, sdkCount=0,clusterCount=2

2023-06-26 08:52:56,667 INFO ConnectionMetrics, totalCount = 2, detail = {long_connection=2, long_polling=0}

2023-06-26 08:52:56,667 INFO Connection check task end

2023-06-26 08:52:59,667 INFO Connection check task start

2023-06-26 08:52:59,668 INFO Long connection metrics detail ,Total count =2, sdkCount=0,clusterCount=2

2023-06-26 08:52:59,667 INFO ConnectionMetrics, totalCount = 2, detail = {long_connection=2, long_polling=0}

2023-06-26 08:52:59,668 INFO Connection check task end

2023-06-26 08:53:02,668 INFO Connection check task start

2023-06-26 08:53:02,668 INFO Long connection metrics detail ,Total count =2, sdkCount=0,clusterCount=2

2023-06-26 08:53:02,668 INFO Connection check task end

2023-06-26 08:53:02,668 INFO ConnectionMetrics, totalCount = 2, detail = {long_connection=2, long_polling=0}

2023-06-26 08:53:05,668 INFO Connection check task start

2023-06-26 08:53:05,668 INFO ConnectionMetrics, totalCount = 2, detail = {long_connection=2, long_polling=0}

2023-06-26 08:53:05,669 INFO Long connection metrics detail ,Total count =2, sdkCount=0,clusterCount=2

2023-06-26 08:53:05,669 INFO Connection check task end

2023-06-26 08:53:08,669 INFO Connection check task start

2023-06-26 08:53:08,669 INFO Long connection metrics detail ,Total count =2, sdkCount=0,clusterCount=2

2023-06-26 08:53:08,669 INFO ConnectionMetrics, totalCount = 2, detail = {long_connection=2, long_polling=0}

2023-06-26 08:53:08,670 INFO Connection check task end

2023-06-26 08:53:11,670 INFO Connection check task start

2023-06-26 08:53:11,670 INFO Long connection metrics detail ,Total count =2, sdkCount=0,clusterCount=2

2023-06-26 08:53:11,670 INFO ConnectionMetrics, totalCount = 2, detail = {long_connection=2, long_polling=0}

2023-06-26 08:53:11,670 INFO Connection check task end

2023-06-26 08:53:14,670 INFO Connection check task start

2023-06-26 08:53:14,670 INFO ConnectionMetrics, totalCount = 2, detail = {long_connection=2, long_polling=0}

2023-06-26 08:53:14,670 INFO Long connection metrics detail ,Total count =2, sdkCount=0,clusterCount=2

2023-06-26 08:53:14,670 INFO Connection check task end

2023-06-26 08:53:17,670 INFO Connection check task start

2023-06-26 08:53:17,670 INFO ConnectionMetrics, totalCount = 2, detail = {long_connection=2, long_polling=0}

2023-06-26 08:53:17,670 INFO Long connection metrics detail ,Total count =2, sdkCount=0,clusterCount=2

2023-06-26 08:53:17,671 INFO Connection check task end

2023-06-26 08:53:20,671 INFO ConnectionMetrics, totalCount = 2, detail = {long_connection=2, long_polling=0}

2023-06-26 08:53:20,671 INFO Connection check task start

2023-06-26 08:53:20,671 INFO Long connection metrics detail ,Total count =2, sdkCount=0,clusterCount=2

2023-06-26 08:53:20,671 INFO Connection check task end

2023-06-26 08:53:23,671 INFO Connection check task start

2023-06-26 08:53:23,671 INFO Long connection metrics detail ,Total count =2, sdkCount=0,clusterCount=2

2023-06-26 08:53:23,671 INFO ConnectionMetrics, totalCount = 2, detail = {long_connection=2, long_polling=0}

2023-06-26 08:53:23,671 INFO Connection check task end

2023-06-26 08:53:26,671 INFO Connection check task start

2023-06-26 08:53:26,671 INFO Long connection metrics detail ,Total count =2, sdkCount=0,clusterCount=2

2023-06-26 08:53:26,671 INFO ConnectionMetrics, totalCount = 2, detail = {long_connection=2, long_polling=0}

2023-06-26 08:53:26,671 INFO Connection check task end

2023-06-26 08:53:29,672 INFO ConnectionMetrics, totalCount = 2, detail = {long_connection=2, long_polling=0}

2023-06-26 08:53:29,671 INFO Connection check task start

2023-06-26 08:53:29,672 INFO Long connection metrics detail ,Total count =2, sdkCount=0,clusterCount=2

2023-06-26 08:53:29,672 INFO Connection check task end

2023-06-26 08:53:32,672 INFO ConnectionMetrics, totalCount = 2, detail = {long_connection=2, long_polling=0}

2023-06-26 08:53:32,672 INFO Connection check task start

2023-06-26 08:53:32,672 INFO Long connection metrics detail ,Total count =2, sdkCount=0,clusterCount=2

2023-06-26 08:53:32,672 INFO Connection check task end

2023-06-26 08:53:35,672 INFO ConnectionMetrics, totalCount = 2, detail = {long_connection=2, long_polling=0}

2023-06-26 08:53:35,672 INFO Connection check task start

2023-06-26 08:53:35,672 INFO Long connection metrics detail ,Total count =2, sdkCount=0,clusterCount=2

2023-06-26 08:53:35,672 INFO Connection check task end

2023-06-26 08:53:38,672 INFO ConnectionMetrics, totalCount = 2, detail = {long_connection=2, long_polling=0}

2023-06-26 08:53:38,672 INFO Connection check task start

2023-06-26 08:53:38,673 INFO Long connection metrics detail ,Total count =2, sdkCount=0,clusterCount=2

2023-06-26 08:53:38,673 INFO Connection check task end

2023-06-26 08:53:41,673 INFO Connection check task start

2023-06-26 08:53:41,673 INFO Long connection metrics detail ,Total count =2, sdkCount=0,clusterCount=2

2023-06-26 08:53:41,673 INFO Connection check task end

2023-06-26 08:53:41,673 INFO ConnectionMetrics, totalCount = 2, detail = {long_connection=2, long_polling=0}

2023-06-26 08:53:44,673 INFO Connection check task start

2023-06-26 08:53:44,673 INFO Long connection metrics detail ,Total count =2, sdkCount=0,clusterCount=2

2023-06-26 08:53:44,673 INFO Connection check task end

2023-06-26 08:53:44,673 INFO ConnectionMetrics, totalCount = 2, detail = {long_connection=2, long_polling=0}

2023-06-26 08:53:47,673 INFO Connection check task start

2023-06-26 08:53:47,673 INFO ConnectionMetrics, totalCount = 2, detail = {long_connection=2, long_polling=0}

2023-06-26 08:53:47,673 INFO Long connection metrics detail ,Total count =2, sdkCount=0,clusterCount=2

2023-06-26 08:53:47,673 INFO Connection check task end

2023-06-26 08:53:50,674 INFO Connection check task start

2023-06-26 08:53:50,674 INFO Long connection metrics detail ,Total count =2, sdkCount=0,clusterCount=2

2023-06-26 08:53:50,674 INFO ConnectionMetrics, totalCount = 2, detail = {long_connection=2, long_polling=0}

2023-06-26 08:53:50,674 INFO Connection check task end

2023-06-26 08:53:53,674 INFO Connection check task start

2023-06-26 08:53:53,674 INFO Long connection metrics detail ,Total count =2, sdkCount=0,clusterCount=2

2023-06-26 08:53:53,674 INFO Connection check task end

2023-06-26 08:53:53,674 INFO ConnectionMetrics, totalCount = 2, detail = {long_connection=2, long_polling=0}

2023-06-26 08:53:56,674 INFO Connection check task start

2023-06-26 08:53:56,674 INFO Long connection metrics detail ,Total count =2, sdkCount=0,clusterCount=2

2023-06-26 08:53:56,674 INFO ConnectionMetrics, totalCount = 2, detail = {long_connection=2, long_polling=0}

2023-06-26 08:53:56,674 INFO Connection check task end

2023-06-26 08:53:59,674 INFO Connection check task start

2023-06-26 08:53:59,675 INFO ConnectionMetrics, totalCount = 2, detail = {long_connection=2, long_polling=0}

2023-06-26 08:53:59,675 INFO Long connection metrics detail ,Total count =2, sdkCount=0,clusterCount=2

2023-06-26 08:53:59,675 INFO Connection check task end

2023-06-26 08:54:02,675 INFO ConnectionMetrics, totalCount = 2, detail = {long_connection=2, long_polling=0}

2023-06-26 08:54:02,675 INFO Connection check task start

2023-06-26 08:54:02,675 INFO Long connection metrics detail ,Total count =2, sdkCount=0,clusterCount=2

2023-06-26 08:54:02,675 INFO Connection check task end

2023-06-26 08:54:05,675 INFO ConnectionMetrics, totalCount = 2, detail = {long_connection=2, long_polling=0}

2023-06-26 08:54:05,675 INFO Connection check task start

2023-06-26 08:54:05,675 INFO Long connection metrics detail ,Total count =2, sdkCount=0,clusterCount=2

2023-06-26 08:54:05,675 INFO Connection check task end

2023-06-26 08:54:08,675 INFO Connection check task start

2023-06-26 08:54:08,675 INFO ConnectionMetrics, totalCount = 2, detail = {long_connection=2, long_polling=0}

2023-06-26 08:54:08,675 INFO Long connection metrics detail ,Total count =2, sdkCount=0,clusterCount=2

2023-06-26 08:54:08,675 INFO Connection check task end

2023-06-26 08:54:09,209 WARN clearConfigHistory start

2023-06-26 08:54:09,210 WARN clearConfigHistory, getBeforeStamp:2023-05-27 08:54:09.0, pageSize:1000

2023-06-26 08:54:09,210 INFO [MapperManager] findMapper dataSource: mysql, tableName: his_config_info

2023-06-26 08:54:10,089 INFO [capacityManagement] start correct usage

2023-06-26 08:54:10,090 INFO [MapperManager] findMapper dataSource: mysql, tableName: group_capacity

2023-06-26 08:54:10,091 INFO [MapperManager] findMapper dataSource: mysql, tableName: tenant_capacity

2023-06-26 08:54:10,091 INFO [capacityManagement] end correct usage, cost: 0.001608588s

2023-06-26 08:54:11,676 INFO Connection check task start

2023-06-26 08:54:11,676 INFO ConnectionMetrics, totalCount = 2, detail = {long_connection=2, long_polling=0}

2023-06-26 08:54:11,676 INFO Long connection metrics detail ,Total count =2, sdkCount=0,clusterCount=2

2023-06-26 08:54:11,676 INFO Connection check task end

2023-06-26 08:54:14,676 INFO ConnectionMetrics, totalCount = 2, detail = {long_connection=2, long_polling=0}

2023-06-26 08:54:14,676 INFO Connection check task start

2023-06-26 08:54:14,677 INFO Long connection metrics detail ,Total count =2, sdkCount=0,clusterCount=2

2023-06-26 08:54:14,677 INFO Connection check task end

2023-06-26 08:54:17,677 INFO ConnectionMetrics, totalCount = 2, detail = {long_connection=2, long_polling=0}

2023-06-26 08:54:17,677 INFO Connection check task start

2023-06-26 08:54:17,677 INFO Long connection metrics detail ,Total count =2, sdkCount=0,clusterCount=2

2023-06-26 08:54:17,677 INFO Connection check task end

2023-06-26 08:54:20,677 INFO ConnectionMetrics, totalCount = 2, detail = {long_connection=2, long_polling=0}

2023-06-26 08:54:20,677 INFO Connection check task start

2023-06-26 08:54:20,677 INFO Long connection metrics detail ,Total count =2, sdkCount=0,clusterCount=2

2023-06-26 08:54:20,677 INFO Connection check task end

2023-06-26 08:54:23,677 INFO ConnectionMetrics, totalCount = 2, detail = {long_connection=2, long_polling=0}

2023-06-26 08:54:23,677 INFO Connection check task start

2023-06-26 08:54:23,678 INFO Long connection metrics detail ,Total count =2, sdkCount=0,clusterCount=2

2023-06-26 08:54:23,678 INFO Connection check task end

2023-06-26 08:54:26,678 INFO ConnectionMetrics, totalCount = 2, detail = {long_connection=2, long_polling=0}

2023-06-26 08:54:26,678 INFO Connection check task start

2023-06-26 08:54:26,678 INFO Long connection metrics detail ,Total count =2, sdkCount=0,clusterCount=2

2023-06-26 08:54:26,678 INFO Connection check task end

2023-06-26 08:54:29,678 INFO ConnectionMetrics, totalCount = 2, detail = {long_connection=2, long_polling=0}

2023-06-26 08:54:29,678 INFO Connection check task start

2023-06-26 08:54:29,678 INFO Long connection metrics detail ,Total count =2, sdkCount=0,clusterCount=2

2023-06-26 08:54:29,678 INFO Connection check task end

2023-06-26 08:54:32,678 INFO Connection check task start

2023-06-26 08:54:32,678 INFO ConnectionMetrics, totalCount = 2, detail = {long_connection=2, long_polling=0}

2023-06-26 08:54:32,679 INFO Long connection metrics detail ,Total count =2, sdkCount=0,clusterCount=2

2023-06-26 08:54:32,679 INFO Connection check task end

2023-06-26 08:54:35,679 INFO Connection check task start

2023-06-26 08:54:35,679 INFO ConnectionMetrics, totalCount = 2, detail = {long_connection=2, long_polling=0}

2023-06-26 08:54:35,679 INFO Long connection metrics detail ,Total count =2, sdkCount=0,clusterCount=2

2023-06-26 08:54:35,680 INFO Connection check task end

2023-06-26 08:54:38,680 INFO Connection check task start

2023-06-26 08:54:38,680 INFO ConnectionMetrics, totalCount = 2, detail = {long_connection=2, long_polling=0}

2023-06-26 08:54:38,680 INFO Long connection metrics detail ,Total count =2, sdkCount=0,clusterCount=2

2023-06-26 08:54:38,680 INFO Connection check task end

2023-06-26 08:54:41,680 INFO Connection check task start

2023-06-26 08:54:41,680 INFO ConnectionMetrics, totalCount = 2, detail = {long_connection=2, long_polling=0}

2023-06-26 08:54:41,680 INFO Long connection metrics detail ,Total count =2, sdkCount=0,clusterCount=2

2023-06-26 08:54:41,680 INFO Connection check task end

2023-06-26 08:54:44,680 INFO Connection check task start

2023-06-26 08:54:44,680 INFO Long connection metrics detail ,Total count =2, sdkCount=0,clusterCount=2

2023-06-26 08:54:44,680 INFO Connection check task end

2023-06-26 08:54:44,681 INFO ConnectionMetrics, totalCount = 2, detail = {long_connection=2, long_polling=0}

2023-06-26 08:54:47,681 INFO Connection check task start

2023-06-26 08:54:47,681 INFO Long connection metrics detail ,Total count =2, sdkCount=0,clusterCount=2

2023-06-26 08:54:47,681 INFO Connection check task end

2023-06-26 08:54:47,681 INFO ConnectionMetrics, totalCount = 2, detail = {long_connection=2, long_polling=0}

2023-06-26 08:54:50,681 INFO Connection check task start

2023-06-26 08:54:50,681 INFO Long connection metrics detail ,Total count =2, sdkCount=0,clusterCount=2

2023-06-26 08:54:50,681 INFO Connection check task end

2023-06-26 08:54:50,681 INFO ConnectionMetrics, totalCount = 2, detail = {long_connection=2, long_polling=0}

2023-06-26 08:54:53,681 INFO Connection check task start

2023-06-26 08:54:53,681 INFO Long connection metrics detail ,Total count =2, sdkCount=0,clusterCount=2

2023-06-26 08:54:53,681 INFO Connection check task end

2023-06-26 08:54:53,682 INFO ConnectionMetrics, totalCount = 2, detail = {long_connection=2, long_polling=0}

2023-06-26 08:54:56,682 INFO ConnectionMetrics, totalCount = 2, detail = {long_connection=2, long_polling=0}

2023-06-26 08:54:56,682 INFO Connection check task start

2023-06-26 08:54:56,682 INFO Long connection metrics detail ,Total count =2, sdkCount=0,clusterCount=2

2023-06-26 08:54:56,682 INFO Connection check task end

2023-06-26 08:54:59,682 INFO Connection check task start

2023-06-26 08:54:59,682 INFO ConnectionMetrics, totalCount = 2, detail = {long_connection=2, long_polling=0}

2023-06-26 08:54:59,682 INFO Long connection metrics detail ,Total count =2, sdkCount=0,clusterCount=2

2023-06-26 08:54:59,682 INFO Connection check task end

2023-06-26 08:55:02,682 INFO Connection check task start

2023-06-26 08:55:02,683 INFO Long connection metrics detail ,Total count =2, sdkCount=0,clusterCount=2

2023-06-26 08:55:02,683 INFO Connection check task end

2023-06-26 08:55:02,683 INFO ConnectionMetrics, totalCount = 2, detail = {long_connection=2, long_polling=0}

2023-06-26 08:55:05,683 INFO Connection check task start

2023-06-26 08:55:05,683 INFO Long connection metrics detail ,Total count =2, sdkCount=0,clusterCount=2

2023-06-26 08:55:05,683 INFO Connection check task end

2023-06-26 08:55:05,683 INFO ConnectionMetrics, totalCount = 2, detail = {long_connection=2, long_polling=0}

2023-06-26 08:55:08,683 INFO Connection check task start

2023-06-26 08:55:08,683 INFO Long connection metrics detail ,Total count =2, sdkCount=0,clusterCount=2

2023-06-26 08:55:08,683 INFO Connection check task end

2023-06-26 08:55:08,684 INFO ConnectionMetrics, totalCount = 2, detail = {long_connection=2, long_polling=0}

2023-06-26 08:55:11,684 INFO Connection check task start

2023-06-26 08:55:11,684 INFO Long connection metrics detail ,Total count =2, sdkCount=0,clusterCount=2

2023-06-26 08:55:11,684 INFO Connection check task end

2023-06-26 08:55:11,684 INFO ConnectionMetrics, totalCount = 2, detail = {long_connection=2, long_polling=0}

2023-06-26 08:55:14,684 INFO Connection check task start

2023-06-26 08:55:14,684 INFO Long connection metrics detail ,Total count =2, sdkCount=0,clusterCount=2

2023-06-26 08:55:14,684 INFO Connection check task end

2023-06-26 08:55:14,685 INFO ConnectionMetrics, totalCount = 2, detail = {long_connection=2, long_polling=0}

2023-06-26 08:55:17,684 INFO Connection check task start

2023-06-26 08:55:17,684 INFO Long connection metrics detail ,Total count =2, sdkCount=0,clusterCount=2

2023-06-26 08:55:17,684 INFO Connection check task end

2023-06-26 08:55:17,685 INFO ConnectionMetrics, totalCount = 2, detail = {long_connection=2, long_polling=0}

2023-06-26 08:55:20,684 INFO Connection check task start

2023-06-26 08:55:20,684 INFO Long connection metrics detail ,Total count =2, sdkCount=0,clusterCount=2

2023-06-26 08:55:20,685 INFO Connection check task end

2023-06-26 08:55:20,686 INFO ConnectionMetrics, totalCount = 2, detail = {long_connection=2, long_polling=0}

2023-06-26 08:55:23,685 INFO Connection check task start

2023-06-26 08:55:23,685 INFO Long connection metrics detail ,Total count =2, sdkCount=0,clusterCount=2

2023-06-26 08:55:23,685 INFO Connection check task end

2023-06-26 08:55:23,686 INFO ConnectionMetrics, totalCount = 2, detail = {long_connection=2, long_polling=0}

2023-06-26 08:55:26,685 INFO Connection check task start

2023-06-26 08:55:26,686 INFO Long connection metrics detail ,Total count =2, sdkCount=0,clusterCount=2

2023-06-26 08:55:26,686 INFO Connection check task end

2023-06-26 08:55:26,686 INFO ConnectionMetrics, totalCount = 2, detail = {long_connection=2, long_polling=0}

2023-06-26 08:55:29,686 INFO Connection check task start

2023-06-26 08:55:29,686 INFO Long connection metrics detail ,Total count =2, sdkCount=0,clusterCount=2

2023-06-26 08:55:29,686 INFO Connection check task end

2023-06-26 08:55:29,687 INFO ConnectionMetrics, totalCount = 2, detail = {long_connection=2, long_polling=0}

2023-06-26 08:55:32,686 INFO Connection check task start

2023-06-26 08:55:32,687 INFO Long connection metrics detail ,Total count =2, sdkCount=0,clusterCount=2

2023-06-26 08:55:32,687 INFO Connection check task end

2023-06-26 08:55:32,687 INFO ConnectionMetrics, totalCount = 2, detail = {long_connection=2, long_polling=0}

2023-06-26 08:55:35,687 INFO Connection check task start

2023-06-26 08:55:35,687 INFO Long connection metrics detail ,Total count =2, sdkCount=0,clusterCount=2

2023-06-26 08:55:35,687 INFO Connection check task end

2023-06-26 08:55:35,687 INFO ConnectionMetrics, totalCount = 2, detail = {long_connection=2, long_polling=0}

2023-06-26 08:55:38,687 INFO Connection check task start

2023-06-26 08:55:38,687 INFO Long connection metrics detail ,Total count =2, sdkCount=0,clusterCount=2

2023-06-26 08:55:38,687 INFO Connection check task end

2023-06-26 08:55:38,687 INFO ConnectionMetrics, totalCount = 2, detail = {long_connection=2, long_polling=0}

2023-06-26 08:55:41,687 INFO Connection check task start

2023-06-26 08:55:41,687 INFO Long connection metrics detail ,Total count =2, sdkCount=0,clusterCount=2

2023-06-26 08:55:41,687 INFO Connection check task end

2023-06-26 08:55:41,687 INFO ConnectionMetrics, totalCount = 2, detail = {long_connection=2, long_polling=0}

2023-06-26 08:55:44,687 INFO Connection check task start

2023-06-26 08:55:44,688 INFO ConnectionMetrics, totalCount = 2, detail = {long_connection=2, long_polling=0}

2023-06-26 08:55:44,688 INFO Long connection metrics detail ,Total count =2, sdkCount=0,clusterCount=2

2023-06-26 08:55:44,688 INFO Connection check task end

2023-06-26 08:55:47,688 INFO Connection check task start

2023-06-26 08:55:47,688 INFO ConnectionMetrics, totalCount = 2, detail = {long_connection=2, long_polling=0}

2023-06-26 08:55:47,689 INFO Long connection metrics detail ,Total count =2, sdkCount=0,clusterCount=2

2023-06-26 08:55:47,689 INFO Connection check task end

2023-06-26 08:55:50,689 INFO ConnectionMetrics, totalCount = 2, detail = {long_connection=2, long_polling=0}

2023-06-26 08:55:51,234 INFO Connection check task start

2023-06-26 08:55:51,234 INFO Long connection metrics detail ,Total count =2, sdkCount=0,clusterCount=2

2023-06-26 08:55:51,234 INFO Connection check task end

2023-06-26 08:55:53,689 INFO ConnectionMetrics, totalCount = 2, detail = {long_connection=2, long_polling=0}

2023-06-26 08:55:54,234 INFO Connection check task start

2023-06-26 08:55:54,234 INFO Long connection metrics detail ,Total count =2, sdkCount=0,clusterCount=2

2023-06-26 08:55:54,234 INFO Connection check task end

2023-06-26 08:55:56,689 INFO ConnectionMetrics, totalCount = 2, detail = {long_connection=2, long_polling=0}

2023-06-26 08:55:57,234 INFO Connection check task start

2023-06-26 08:55:57,235 INFO Long connection metrics detail ,Total count =2, sdkCount=0,clusterCount=2

2023-06-26 08:55:57,235 INFO Connection check task end

2023-06-26 08:55:59,690 INFO ConnectionMetrics, totalCount = 2, detail = {long_connection=2, long_polling=0}

2023-06-26 08:56:00,235 INFO Connection check task start

2023-06-26 08:56:00,235 INFO Long connection metrics detail ,Total count =2, sdkCount=0,clusterCount=2

2023-06-26 08:56:00,235 INFO Connection check task end

2023-06-26 08:56:02,691 INFO ConnectionMetrics, totalCount = 2, detail = {long_connection=2, long_polling=0}

2023-06-26 08:56:03,235 INFO Connection check task start

2023-06-26 08:56:03,235 INFO Long connection metrics detail ,Total count =2, sdkCount=0,clusterCount=2

2023-06-26 08:56:03,235 INFO Connection check task end

2023-06-26 08:56:05,691 INFO ConnectionMetrics, totalCount = 2, detail = {long_connection=2, long_polling=0}

2023-06-26 08:56:06,235 INFO Connection check task start

2023-06-26 08:56:06,235 INFO Long connection metrics detail ,Total count =2, sdkCount=0,clusterCount=2

2023-06-26 08:56:06,235 INFO Connection check task end

2023-06-26 08:56:08,691 INFO ConnectionMetrics, totalCount = 2, detail = {long_connection=2, long_polling=0}

2023-06-26 08:56:09,235 INFO Connection check task start

2023-06-26 08:56:09,235 INFO Long connection metrics detail ,Total count =2, sdkCount=0,clusterCount=2

2023-06-26 08:56:09,235 INFO Connection check task end

2023-06-26 08:56:11,691 INFO ConnectionMetrics, totalCount = 2, detail = {long_connection=2, long_polling=0}

2023-06-26 08:56:12,236 INFO Connection check task start

2023-06-26 08:56:12,236 INFO Long connection metrics detail ,Total count =2, sdkCount=0,clusterCount=2

2023-06-26 08:56:12,236 INFO Connection check task end

2023-06-26 08:56:14,692 INFO ConnectionMetrics, totalCount = 2, detail = {long_connection=2, long_polling=0}

2023-06-26 08:56:15,236 INFO Connection check task start

2023-06-26 08:56:15,236 INFO Long connection metrics detail ,Total count =2, sdkCount=0,clusterCount=2

2023-06-26 08:56:15,236 INFO Connection check task end

2023-06-26 08:56:17,692 INFO ConnectionMetrics, totalCount = 2, detail = {long_connection=2, long_polling=0}

2023-06-26 08:56:18,236 INFO Connection check task start

2023-06-26 08:56:18,237 INFO Long connection metrics detail ,Total count =2, sdkCount=0,clusterCount=2

2023-06-26 08:56:18,237 INFO Connection check task end

2023-06-26 08:56:20,693 INFO ConnectionMetrics, totalCount = 2, detail = {long_connection=2, long_polling=0}

2023-06-26 08:56:21,237 INFO Connection check task start

2023-06-26 08:56:21,237 INFO Long connection metrics detail ,Total count =2, sdkCount=0,clusterCount=2

2023-06-26 08:56:21,237 INFO Connection check task end

2023-06-26 08:56:23,693 INFO ConnectionMetrics, totalCount = 2, detail = {long_connection=2, long_polling=0}

2023-06-26 08:56:24,237 INFO Connection check task start

2023-06-26 08:56:24,237 INFO Long connection metrics detail ,Total count =2, sdkCount=0,clusterCount=2

2023-06-26 08:56:24,237 INFO Connection check task end

2023-06-26 08:56:26,693 INFO ConnectionMetrics, totalCount = 2, detail = {long_connection=2, long_polling=0}

2023-06-26 08:56:27,238 INFO Connection check task start

2023-06-26 08:56:27,238 INFO Long connection metrics detail ,Total count =2, sdkCount=0,clusterCount=2

2023-06-26 08:56:27,238 INFO Connection check task end

2023-06-26 08:56:29,693 INFO ConnectionMetrics, totalCount = 2, detail = {long_connection=2, long_polling=0}

2023-06-26 08:56:30,238 INFO Connection check task start

2023-06-26 08:56:30,238 INFO Long connection metrics detail ,Total count =2, sdkCount=0,clusterCount=2

2023-06-26 08:56:30,238 INFO Connection check task end

2023-06-26 08:56:32,693 INFO ConnectionMetrics, totalCount = 2, detail = {long_connection=2, long_polling=0}

2023-06-26 08:56:33,238 INFO Connection check task start

2023-06-26 08:56:33,238 INFO Long connection metrics detail ,Total count =2, sdkCount=0,clusterCount=2

2023-06-26 08:56:33,238 INFO Connection check task end

2023-06-26 08:56:35,694 INFO ConnectionMetrics, totalCount = 2, detail = {long_connection=2, long_polling=0}

2023-06-26 08:56:36,238 INFO Connection check task start

2023-06-26 08:56:36,238 INFO Long connection metrics detail ,Total count =2, sdkCount=0,clusterCount=2

2023-06-26 08:56:36,239 INFO Connection check task end

2023-06-26 08:56:38,694 INFO ConnectionMetrics, totalCount = 2, detail = {long_connection=2, long_polling=0}

2023-06-26 08:56:39,239 INFO Connection check task start

2023-06-26 08:56:39,239 INFO Long connection metrics detail ,Total count =2, sdkCount=0,clusterCount=2

2023-06-26 08:56:39,239 INFO Connection check task end

2023-06-26 08:56:41,694 INFO ConnectionMetrics, totalCount = 2, detail = {long_connection=2, long_polling=0}

2023-06-26 08:56:42,239 INFO Connection check task start

2023-06-26 08:56:42,239 INFO Long connection metrics detail ,Total count =2, sdkCount=0,clusterCount=2

2023-06-26 08:56:42,239 INFO Connection check task end

2023-06-26 08:56:44,695 INFO ConnectionMetrics, totalCount = 2, detail = {long_connection=2, long_polling=0}

2023-06-26 08:56:45,239 INFO Connection check task start

2023-06-26 08:56:45,239 INFO Long connection metrics detail ,Total count =2, sdkCount=0,clusterCount=2

2023-06-26 08:56:45,239 INFO Connection check task end

2023-06-26 08:56:47,695 INFO ConnectionMetrics, totalCount = 2, detail = {long_connection=2, long_polling=0}

2023-06-26 08:56:48,239 INFO Connection check task start

2023-06-26 08:56:48,239 INFO Long connection metrics detail ,Total count =2, sdkCount=0,clusterCount=2

2023-06-26 08:56:48,239 INFO Connection check task end

2023-06-26 08:56:50,696 INFO ConnectionMetrics, totalCount = 2, detail = {long_connection=2, long_polling=0}

2023-06-26 08:56:51,240 INFO Connection check task start

2023-06-26 08:56:51,240 INFO Long connection metrics detail ,Total count =2, sdkCount=0,clusterCount=2

2023-06-26 08:56:51,240 INFO Connection check task end

2023-06-26 08:56:53,696 INFO ConnectionMetrics, totalCount = 2, detail = {long_connection=2, long_polling=0}

2023-06-26 08:56:54,240 INFO Connection check task start

2023-06-26 08:56:54,240 INFO Long connection metrics detail ,Total count =2, sdkCount=0,clusterCount=2

2023-06-26 08:56:54,240 INFO Connection check task end

2023-06-26 08:56:56,697 INFO ConnectionMetrics, totalCount = 2, detail = {long_connection=2, long_polling=0}

2023-06-26 08:56:57,240 INFO Connection check task start

2023-06-26 08:56:57,240 INFO Long connection metrics detail ,Total count =2, sdkCount=0,clusterCount=2

2023-06-26 08:56:57,240 INFO Connection check task end

2023-06-26 08:56:59,697 INFO ConnectionMetrics, totalCount = 2, detail = {long_connection=2, long_polling=0}

2023-06-26 08:57:00,240 INFO Connection check task start

2023-06-26 08:57:00,241 INFO Long connection metrics detail ,Total count =2, sdkCount=0,clusterCount=2

2023-06-26 08:57:00,241 INFO Connection check task end

2023-06-26 08:57:02,697 INFO ConnectionMetrics, totalCount = 2, detail = {long_connection=2, long_polling=0}

2023-06-26 08:57:03,241 INFO Connection check task start

2023-06-26 08:57:03,241 INFO Long connection metrics detail ,Total count =2, sdkCount=0,clusterCount=2

2023-06-26 08:57:03,241 INFO Connection check task end

2023-06-26 08:57:05,697 INFO ConnectionMetrics, totalCount = 2, detail = {long_connection=2, long_polling=0}

2023-06-26 08:57:06,241 INFO Connection check task start

2023-06-26 08:57:06,241 INFO Long connection metrics detail ,Total count =2, sdkCount=0,clusterCount=2

2023-06-26 08:57:06,241 INFO Connection check task end

2023-06-26 08:57:08,698 INFO ConnectionMetrics, totalCount = 2, detail = {long_connection=2, long_polling=0}

2023-06-26 08:57:09,242 INFO Connection check task start

2023-06-26 08:57:09,242 INFO Long connection metrics detail ,Total count =2, sdkCount=0,clusterCount=2

2023-06-26 08:57:09,242 INFO Connection check task end

2023-06-26 08:57:11,698 INFO ConnectionMetrics, totalCount = 2, detail = {long_connection=2, long_polling=0}

2023-06-26 08:57:12,242 INFO Connection check task start

2023-06-26 08:57:12,242 INFO Long connection metrics detail ,Total count =2, sdkCount=0,clusterCount=2

2023-06-26 08:57:12,242 INFO Connection check task end

2023-06-26 08:57:14,698 INFO ConnectionMetrics, totalCount = 2, detail = {long_connection=2, long_polling=0}

2023-06-26 08:57:15,242 INFO Connection check task start

2023-06-26 08:57:15,242 INFO Long connection metrics detail ,Total count =2, sdkCount=0,clusterCount=2

2023-06-26 08:57:15,242 INFO Connection check task end

2023-06-26 08:57:17,698 INFO ConnectionMetrics, totalCount = 2, detail = {long_connection=2, long_polling=0}

2023-06-26 08:57:18,242 INFO Connection check task start

2023-06-26 08:57:18,242 INFO Long connection metrics detail ,Total count =2, sdkCount=0,clusterCount=2

2023-06-26 08:57:18,242 INFO Connection check task end

2023-06-26 08:57:20,699 INFO ConnectionMetrics, totalCount = 2, detail = {long_connection=2, long_polling=0}

2023-06-26 08:57:21,242 INFO Connection check task start

2023-06-26 08:57:21,242 INFO Long connection metrics detail ,Total count =2, sdkCount=0,clusterCount=2

2023-06-26 08:57:21,243 INFO Connection check task end

2023-06-26 08:57:23,699 INFO ConnectionMetrics, totalCount = 2, detail = {long_connection=2, long_polling=0}

2023-06-26 08:57:24,243 INFO Connection check task start

2023-06-26 08:57:24,243 INFO Long connection metrics detail ,Total count =2, sdkCount=0,clusterCount=2

2023-06-26 08:57:24,243 INFO Connection check task end

2023-06-26 08:57:26,699 INFO ConnectionMetrics, totalCount = 2, detail = {long_connection=2, long_polling=0}

2023-06-26 08:57:27,243 INFO Connection check task start

2023-06-26 08:57:27,243 INFO Long connection metrics detail ,Total count =2, sdkCount=0,clusterCount=2

2023-06-26 08:57:27,243 INFO Connection check task end

2023-06-26 08:57:29,700 INFO ConnectionMetrics, totalCount = 2, detail = {long_connection=2, long_polling=0}

2023-06-26 08:57:30,243 INFO Connection check task start

2023-06-26 08:57:30,243 INFO Long connection metrics detail ,Total count =2, sdkCount=0,clusterCount=2

2023-06-26 08:57:30,244 INFO Connection check task end

2023-06-26 08:57:32,700 INFO ConnectionMetrics, totalCount = 2, detail = {long_connection=2, long_polling=0}

2023-06-26 08:57:33,244 INFO Connection check task start

2023-06-26 08:57:33,244 INFO Long connection metrics detail ,Total count =2, sdkCount=0,clusterCount=2

2023-06-26 08:57:33,244 INFO Connection check task end

2023-06-26 08:57:35,700 INFO ConnectionMetrics, totalCount = 2, detail = {long_connection=2, long_polling=0}

2023-06-26 08:57:36,244 INFO Connection check task start

2023-06-26 08:57:36,244 INFO Long connection metrics detail ,Total count =2, sdkCount=0,clusterCount=2

2023-06-26 08:57:36,244 INFO Connection check task end

2023-06-26 08:57:38,700 INFO ConnectionMetrics, totalCount = 2, detail = {long_connection=2, long_polling=0}

2023-06-26 08:57:39,244 INFO Connection check task start

2023-06-26 08:57:39,244 INFO Long connection metrics detail ,Total count =2, sdkCount=0,clusterCount=2

2023-06-26 08:57:39,244 INFO Connection check task end

2023-06-26 08:57:41,701 INFO ConnectionMetrics, totalCount = 2, detail = {long_connection=2, long_polling=0}

2023-06-26 08:57:42,245 INFO Connection check task start

2023-06-26 08:57:42,245 INFO Long connection metrics detail ,Total count =2, sdkCount=0,clusterCount=2

2023-06-26 08:57:42,245 INFO Connection check task end

2023-06-26 08:57:44,701 INFO ConnectionMetrics, totalCount = 2, detail = {long_connection=2, long_polling=0}

2023-06-26 08:57:45,245 INFO Connection check task start

2023-06-26 08:57:45,245 INFO Long connection metrics detail ,Total count =2, sdkCount=0,clusterCount=2

2023-06-26 08:57:45,245 INFO Connection check task end

2023-06-26 08:57:47,701 INFO ConnectionMetrics, totalCount = 2, detail = {long_connection=2, long_polling=0}

2023-06-26 08:57:48,245 INFO Connection check task start

2023-06-26 08:57:48,245 INFO Long connection metrics detail ,Total count =2, sdkCount=0,clusterCount=2

2023-06-26 08:57:48,245 INFO Connection check task end

2023-06-26 08:57:50,701 INFO ConnectionMetrics, totalCount = 2, detail = {long_connection=2, long_polling=0}

2023-06-26 08:57:51,245 INFO Connection check task start

2023-06-26 08:57:51,245 INFO Long connection metrics detail ,Total count =2, sdkCount=0,clusterCount=2

2023-06-26 08:57:51,246 INFO Connection check task end

2023-06-26 08:57:53,701 INFO ConnectionMetrics, totalCount = 2, detail = {long_connection=2, long_polling=0}

2023-06-26 08:57:54,246 INFO Connection check task start

2023-06-26 08:57:54,246 INFO Long connection metrics detail ,Total count =2, sdkCount=0,clusterCount=2

2023-06-26 08:57:54,246 INFO Connection check task end

2023-06-26 08:57:56,702 INFO ConnectionMetrics, totalCount = 2, detail = {long_connection=2, long_polling=0}

2023-06-26 08:57:57,247 INFO Connection check task start

2023-06-26 08:57:57,247 INFO Long connection metrics detail ,Total count =2, sdkCount=0,clusterCount=2

2023-06-26 08:57:57,247 INFO Connection check task end

2023-06-26 08:57:59,702 INFO ConnectionMetrics, totalCount = 2, detail = {long_connection=2, long_polling=0}

2023-06-26 08:58:00,247 INFO Connection check task start

2023-06-26 08:58:00,247 INFO Long connection metrics detail ,Total count =2, sdkCount=0,clusterCount=2

2023-06-26 08:58:00,247 INFO Connection check task end

2023-06-26 08:58:02,703 INFO ConnectionMetrics, totalCount = 2, detail = {long_connection=2, long_polling=0}

2023-06-26 08:58:03,247 INFO Connection check task start

2023-06-26 08:58:03,248 INFO Long connection metrics detail ,Total count =2, sdkCount=0,clusterCount=2

2023-06-26 08:58:03,248 INFO Connection check task end

2023-06-26 08:58:05,703 INFO ConnectionMetrics, totalCount = 2, detail = {long_connection=2, long_polling=0}

2023-06-26 08:58:06,248 INFO Connection check task start

2023-06-26 08:58:06,248 INFO Long connection metrics detail ,Total count =2, sdkCount=0,clusterCount=2

2023-06-26 08:58:06,249 INFO Connection check task end

2023-06-26 08:58:08,703 INFO ConnectionMetrics, totalCount = 2, detail = {long_connection=2, long_polling=0}

2023-06-26 08:58:09,249 INFO Connection check task start

2023-06-26 08:58:09,249 INFO Long connection metrics detail ,Total count =2, sdkCount=0,clusterCount=2

2023-06-26 08:58:09,249 INFO Connection check task end

2023-06-26 08:58:11,977 INFO ConnectionMetrics, totalCount = 2, detail = {long_connection=2, long_polling=0}

2023-06-26 08:58:12,249 INFO Connection check task start

2023-06-26 08:58:12,249 INFO Long connection metrics detail ,Total count =2, sdkCount=0,clusterCount=2

2023-06-26 08:58:12,249 INFO Connection check task end

2023-06-26 08:58:14,978 INFO ConnectionMetrics, totalCount = 2, detail = {long_connection=2, long_polling=0}

2023-06-26 08:58:15,249 INFO Connection check task start

2023-06-26 08:58:15,249 INFO Long connection metrics detail ,Total count =2, sdkCount=0,clusterCount=2

2023-06-26 08:58:15,249 INFO Connection check task end

2023-06-26 08:58:17,978 INFO ConnectionMetrics, totalCount = 2, detail = {long_connection=2, long_polling=0}

2023-06-26 08:58:18,249 INFO Connection check task start

2023-06-26 08:58:18,250 INFO Long connection metrics detail ,Total count =2, sdkCount=0,clusterCount=2

2023-06-26 08:58:18,250 INFO Connection check task end

2023-06-26 08:58:20,978 INFO ConnectionMetrics, totalCount = 2, detail = {long_connection=2, long_polling=0}

2023-06-26 08:58:21,250 INFO Connection check task start

2023-06-26 08:58:21,250 INFO Long connection metrics detail ,Total count =2, sdkCount=0,clusterCount=2

2023-06-26 08:58:21,250 INFO Connection check task end

2023-06-26 08:58:23,979 INFO ConnectionMetrics, totalCount = 2, detail = {long_connection=2, long_polling=0}

2023-06-26 08:58:24,250 INFO Connection check task start

2023-06-26 08:58:24,250 INFO Long connection metrics detail ,Total count =2, sdkCount=0,clusterCount=2

2023-06-26 08:58:24,250 INFO Connection check task end

2023-06-26 08:58:26,979 INFO ConnectionMetrics, totalCount = 2, detail = {long_connection=2, long_polling=0}

2023-06-26 08:58:27,250 INFO Connection check task start

2023-06-26 08:58:27,250 INFO Long connection metrics detail ,Total count =2, sdkCount=0,clusterCount=2

2023-06-26 08:58:27,250 INFO Connection check task end

2023-06-26 08:58:29,979 INFO ConnectionMetrics, totalCount = 2, detail = {long_connection=2, long_polling=0}

2023-06-26 08:58:30,250 INFO Connection check task start

2023-06-26 08:58:30,250 INFO Long connection metrics detail ,Total count =2, sdkCount=0,clusterCount=2

2023-06-26 08:58:30,251 INFO Connection check task end

2023-06-26 08:58:32,979 INFO ConnectionMetrics, totalCount = 2, detail = {long_connection=2, long_polling=0}

2023-06-26 08:58:33,251 INFO Connection check task start

2023-06-26 08:58:33,251 INFO Long connection metrics detail ,Total count =2, sdkCount=0,clusterCount=2

2023-06-26 08:58:33,251 INFO Connection check task end

2023-06-26 08:58:35,980 INFO ConnectionMetrics, totalCount = 2, detail = {long_connection=2, long_polling=0}

2023-06-26 08:58:36,251 INFO Connection check task start

2023-06-26 08:58:36,251 INFO Long connection metrics detail ,Total count =2, sdkCount=0,clusterCount=2

2023-06-26 08:58:36,251 INFO Connection check task end

2023-06-26 08:58:38,980 INFO ConnectionMetrics, totalCount = 2, detail = {long_connection=2, long_polling=0}

2023-06-26 08:58:39,251 INFO Connection check task start

2023-06-26 08:58:39,251 INFO Long connection metrics detail ,Total count =2, sdkCount=0,clusterCount=2

2023-06-26 08:58:39,251 INFO Connection check task end

2023-06-26 08:58:41,980 INFO ConnectionMetrics, totalCount = 2, detail = {long_connection=2, long_polling=0}

2023-06-26 08:58:42,252 INFO Connection check task start

2023-06-26 08:58:42,252 INFO Long connection metrics detail ,Total count =2, sdkCount=0,clusterCount=2

2023-06-26 08:58:42,252 INFO Connection check task end

2023-06-26 08:58:44,981 INFO ConnectionMetrics, totalCount = 2, detail = {long_connection=2, long_polling=0}

2023-06-26 08:58:45,252 INFO Connection check task start

2023-06-26 08:58:45,252 INFO Long connection metrics detail ,Total count =2, sdkCount=0,clusterCount=2

2023-06-26 08:58:45,252 INFO Connection check task end

2023-06-26 08:58:47,981 INFO ConnectionMetrics, totalCount = 2, detail = {long_connection=2, long_polling=0}

2023-06-26 08:58:48,252 INFO Connection check task start

2023-06-26 08:58:48,252 INFO Long connection metrics detail ,Total count =2, sdkCount=0,clusterCount=2

2023-06-26 08:58:48,252 INFO Connection check task end

2023-06-26 08:58:50,981 INFO ConnectionMetrics, totalCount = 2, detail = {long_connection=2, long_polling=0}

2023-06-26 08:58:51,252 INFO Connection check task start

2023-06-26 08:58:51,252 INFO Long connection metrics detail ,Total count =2, sdkCount=0,clusterCount=2

2023-06-26 08:58:51,252 INFO Connection check task end

2023-06-26 08:58:53,981 INFO ConnectionMetrics, totalCount = 2, detail = {long_connection=2, long_polling=0}

2023-06-26 08:58:54,253 INFO Connection check task start

2023-06-26 08:58:54,253 INFO Long connection metrics detail ,Total count =2, sdkCount=0,clusterCount=2

2023-06-26 08:58:54,253 INFO Connection check task end

2023-06-26 08:58:56,982 INFO ConnectionMetrics, totalCount = 2, detail = {long_connection=2, long_polling=0}

2023-06-26 08:58:57,253 INFO Connection check task start

2023-06-26 08:58:57,253 INFO Long connection metrics detail ,Total count =2, sdkCount=0,clusterCount=2

2023-06-26 08:58:57,253 INFO Connection check task end

2023-06-26 08:58:59,982 INFO ConnectionMetrics, totalCount = 2, detail = {long_connection=2, long_polling=0}

2023-06-26 08:59:00,254 INFO Connection check task start

2023-06-26 08:59:00,254 INFO Long connection metrics detail ,Total count =2, sdkCount=0,clusterCount=2

2023-06-26 08:59:00,254 INFO Connection check task end

2023-06-26 08:59:02,982 INFO ConnectionMetrics, totalCount = 2, detail = {long_connection=2, long_polling=0}

2023-06-26 08:59:03,255 INFO Connection check task start

2023-06-26 08:59:03,255 INFO Long connection metrics detail ,Total count =2, sdkCount=0,clusterCount=2

2023-06-26 08:59:03,255 INFO Connection check task end

