2023-06-25 18:00:12,018 INFO [ClientConnectionEventListenerRegistry] registry listener - ConnectionBasedClientManager

2023-06-25 18:02:34,714 INFO [ClientConnectionEventListenerRegistry] registry listener - ConnectionBasedClientManager

2023-06-25 18:03:05,751 INFO [ClientConnectionEventListenerRegistry] registry listener - ConnectionBasedClientManager

2023-06-25 18:04:10,399 INFO [ClientConnectionEventListenerRegistry] registry listener - ConnectionBasedClientManager

2023-06-25 18:04:15,071 INFO [ClientConnectionEventListenerRegistry] registry listener - ConfigConnectionEventListener

2023-06-25 18:04:15,427 INFO [ClientConnectionEventListenerRegistry] registry listener - RpcAckCallbackInitorOrCleaner

2023-06-25 18:04:15,457 INFO Nacos GrpcSdkServer Rpc server starting at port 9848 and tls config:{"sslProvider":"","enableTls":false,"mutualAuthEnable":false,"trustAll":false,"compatibility":true}

2023-06-25 18:04:15,469 WARN Recommended use 'nacos.remote.server.grpc.sdk.max-inbound-message-size' property instead 'nacos.remote.server.grpc.maxinbound.message.size', now property value is 10485760

2023-06-25 18:04:15,483 INFO Nacos GrpcSdkServer Rpc server started at port 9848 and tls config:{"sslProvider":"","enableTls":false,"mutualAuthEnable":false,"trustAll":false,"compatibility":true}

2023-06-25 18:04:15,534 INFO Nacos GrpcClusterServer Rpc server starting at port 9849 and tls config:{"sslProvider":"","enableTls":false,"mutualAuthEnable":false,"trustAll":false,"compatibility":true}

2023-06-25 18:04:15,538 WARN Recommended use 'nacos.remote.server.grpc.cluster.max-inbound-message-size' property instead 'nacos.remote.server.grpc.maxinbound.message.size', now property value is 10485760

2023-06-25 18:04:15,584 INFO Nacos GrpcClusterServer Rpc server started at port 9849 and tls config:{"sslProvider":"","enableTls":false,"mutualAuthEnable":false,"trustAll":false,"compatibility":true}

2023-06-25 18:34:46,622 INFO Nacos GrpcSdkServer Rpc server stopping

2023-06-25 18:34:46,625 INFO Nacos GrpcClusterServer Rpc server stopping

2023-06-25 18:34:46,665 INFO Nacos GrpcClusterServer Rpc server stopped successfully...

2023-06-25 18:34:46,668 INFO Nacos GrpcSdkServer Rpc server stopped successfully...

2023-06-25 18:35:58,188 INFO [ClientConnectionEventListenerRegistry] registry listener - ConnectionBasedClientManager

2023-06-25 18:36:04,151 INFO [ClientConnectionEventListenerRegistry] registry listener - ConfigConnectionEventListener

2023-06-25 18:36:04,362 INFO [ClientConnectionEventListenerRegistry] registry listener - RpcAckCallbackInitorOrCleaner

2023-06-25 18:36:04,399 INFO Nacos GrpcSdkServer Rpc server starting at port 9848 and tls config:{"sslProvider":"","enableTls":false,"mutualAuthEnable":false,"trustAll":false,"compatibility":true}

2023-06-25 18:36:04,408 WARN Recommended use 'nacos.remote.server.grpc.sdk.max-inbound-message-size' property instead 'nacos.remote.server.grpc.maxinbound.message.size', now property value is 10485760

2023-06-25 18:36:04,424 INFO Nacos GrpcSdkServer Rpc server started at port 9848 and tls config:{"sslProvider":"","enableTls":false,"mutualAuthEnable":false,"trustAll":false,"compatibility":true}

2023-06-25 18:36:04,431 INFO Nacos GrpcClusterServer Rpc server starting at port 9849 and tls config:{"sslProvider":"","enableTls":false,"mutualAuthEnable":false,"trustAll":false,"compatibility":true}

2023-06-25 18:36:04,433 WARN Recommended use 'nacos.remote.server.grpc.cluster.max-inbound-message-size' property instead 'nacos.remote.server.grpc.maxinbound.message.size', now property value is 10485760

2023-06-25 18:36:04,445 INFO Nacos GrpcClusterServer Rpc server started at port 9849 and tls config:{"sslProvider":"","enableTls":false,"mutualAuthEnable":false,"trustAll":false,"compatibility":true}

